2024-12-05 20:20:25,217 - INFO - Processing fold 1/10
2024-12-05 20:20:29,958 - INFO - ('epoch:', 10, 'acc_train:', 0.6375, 'loss_train:', 0.879411369562149, 'acc_val', 0.7, 'loss_val:', tensor(0.6744, device='cuda:0'), 'acc_test:', 0.75)
2024-12-05 20:20:34,488 - INFO - ('epoch:', 20, 'acc_train:', 0.8125, 'loss_train:', 0.5599372684955597, 'acc_val', 0.7, 'loss_val:', tensor(0.9616, device='cuda:0'), 'acc_test:', 0.8)
2024-12-05 20:20:39,001 - INFO - ('epoch:', 30, 'acc_train:', 0.84375, 'loss_train:', 0.3837617337703705, 'acc_val', 0.7, 'loss_val:', tensor(0.9597, device='cuda:0'), 'acc_test:', 0.7)
2024-12-05 20:20:43,623 - INFO - ('epoch:', 40, 'acc_train:', 0.81875, 'loss_train:', 0.394816268235445, 'acc_val', 0.75, 'loss_val:', tensor(0.9650, device='cuda:0'), 'acc_test:', 0.65)
2024-12-05 20:20:48,181 - INFO - ('epoch:', 50, 'acc_train:', 0.84375, 'loss_train:', 0.34611915051937103, 'acc_val', 0.75, 'loss_val:', tensor(1.0632, device='cuda:0'), 'acc_test:', 0.65)
2024-12-05 20:20:52,991 - INFO - ('epoch:', 60, 'acc_train:', 0.85, 'loss_train:', 0.30925517342984676, 'acc_val', 0.7, 'loss_val:', tensor(1.1402, device='cuda:0'), 'acc_test:', 0.65)
2024-12-05 20:20:57,508 - INFO - ('epoch:', 70, 'acc_train:', 0.85, 'loss_train:', 0.37545644119381905, 'acc_val', 0.7, 'loss_val:', tensor(1.2427, device='cuda:0'), 'acc_test:', 0.7)
2024-12-05 20:21:02,188 - INFO - ('epoch:', 80, 'acc_train:', 0.88125, 'loss_train:', 0.302039310336113, 'acc_val', 0.7, 'loss_val:', tensor(1.2407, device='cuda:0'), 'acc_test:', 0.65)
2024-12-05 20:21:06,793 - INFO - ('epoch:', 90, 'acc_train:', 0.85625, 'loss_train:', 0.35472793877124786, 'acc_val', 0.7, 'loss_val:', tensor(1.2895, device='cuda:0'), 'acc_test:', 0.7)
2024-12-05 20:21:11,468 - INFO - ('epoch:', 100, 'acc_train:', 0.84375, 'loss_train:', 0.3121261019259691, 'acc_val', 0.7, 'loss_val:', tensor(1.4783, device='cuda:0'), 'acc_test:', 0.75)
2024-12-05 20:21:15,973 - INFO - ('epoch:', 110, 'acc_train:', 0.88125, 'loss_train:', 0.2722492180764675, 'acc_val', 0.7, 'loss_val:', tensor(1.4557, device='cuda:0'), 'acc_test:', 0.7)
2024-12-05 20:21:20,613 - INFO - ('epoch:', 120, 'acc_train:', 0.875, 'loss_train:', 0.2767440155148506, 'acc_val', 0.7, 'loss_val:', tensor(1.5543, device='cuda:0'), 'acc_test:', 0.7)
2024-12-05 20:21:25,329 - INFO - ('epoch:', 130, 'acc_train:', 0.86875, 'loss_train:', 0.30385544151067734, 'acc_val', 0.7, 'loss_val:', tensor(1.6339, device='cuda:0'), 'acc_test:', 0.75)
2024-12-05 20:21:29,936 - INFO - ('epoch:', 140, 'acc_train:', 0.86875, 'loss_train:', 0.24390674196183681, 'acc_val', 0.7, 'loss_val:', tensor(1.6844, device='cuda:0'), 'acc_test:', 0.75)
2024-12-05 20:21:34,609 - INFO - ('epoch:', 150, 'acc_train:', 0.8875, 'loss_train:', 0.23262030258774757, 'acc_val', 0.7, 'loss_val:', tensor(1.6360, device='cuda:0'), 'acc_test:', 0.75)
2024-12-05 20:21:39,095 - INFO - ('epoch:', 160, 'acc_train:', 0.88125, 'loss_train:', 0.26279505155980587, 'acc_val', 0.7, 'loss_val:', tensor(1.6275, device='cuda:0'), 'acc_test:', 0.75)
2024-12-05 20:21:43,768 - INFO - ('epoch:', 170, 'acc_train:', 0.86875, 'loss_train:', 0.27185608446598053, 'acc_val', 0.7, 'loss_val:', tensor(1.6532, device='cuda:0'), 'acc_test:', 0.75)
2024-12-05 20:21:48,301 - INFO - ('epoch:', 180, 'acc_train:', 0.88125, 'loss_train:', 0.24803814478218555, 'acc_val', 0.7, 'loss_val:', tensor(1.6149, device='cuda:0'), 'acc_test:', 0.75)
2024-12-05 20:21:52,992 - INFO - ('epoch:', 190, 'acc_train:', 0.86875, 'loss_train:', 0.3242557477205992, 'acc_val', 0.7, 'loss_val:', tensor(1.5548, device='cuda:0'), 'acc_test:', 0.7)
2024-12-05 20:21:57,576 - INFO - ('epoch:', 200, 'acc_train:', 0.86875, 'loss_train:', 0.29159753397107124, 'acc_val', 0.7, 'loss_val:', tensor(1.5660, device='cuda:0'), 'acc_test:', 0.7)
2024-12-05 20:21:57,577 - INFO - [0 0 0 ... 1 0 0]
2024-12-05 20:21:57,577 - INFO - [0 0 0 ... 0 0 0]
2024-12-05 20:21:57,581 - INFO - Processing fold 2/10
2024-12-05 20:22:02,271 - INFO - ('epoch:', 10, 'acc_train:', 0.65625, 'loss_train:', 0.7951514795422554, 'acc_val', 0.7, 'loss_val:', tensor(0.6986, device='cuda:0'), 'acc_test:', 0.75)
2024-12-05 20:22:06,817 - INFO - ('epoch:', 20, 'acc_train:', 0.7875, 'loss_train:', 0.5183623656630516, 'acc_val', 0.8, 'loss_val:', tensor(0.7010, device='cuda:0'), 'acc_test:', 0.75)
2024-12-05 20:22:11,493 - INFO - ('epoch:', 30, 'acc_train:', 0.8, 'loss_train:', 0.46814974024891853, 'acc_val', 0.75, 'loss_val:', tensor(0.6853, device='cuda:0'), 'acc_test:', 0.8)
2024-12-05 20:22:16,174 - INFO - ('epoch:', 40, 'acc_train:', 0.76875, 'loss_train:', 0.5345563553273678, 'acc_val', 0.7, 'loss_val:', tensor(0.6611, device='cuda:0'), 'acc_test:', 0.85)
2024-12-05 20:22:20,792 - INFO - ('epoch:', 50, 'acc_train:', 0.825, 'loss_train:', 0.3271479569375515, 'acc_val', 0.75, 'loss_val:', tensor(0.7799, device='cuda:0'), 'acc_test:', 0.9)
2024-12-05 20:22:25,322 - INFO - ('epoch:', 60, 'acc_train:', 0.8, 'loss_train:', 0.42338183149695396, 'acc_val', 0.75, 'loss_val:', tensor(0.7414, device='cuda:0'), 'acc_test:', 0.85)
2024-12-05 20:22:30,126 - INFO - ('epoch:', 70, 'acc_train:', 0.83125, 'loss_train:', 0.3949758894741535, 'acc_val', 0.75, 'loss_val:', tensor(0.7974, device='cuda:0'), 'acc_test:', 0.85)
2024-12-05 20:22:34,762 - INFO - ('epoch:', 80, 'acc_train:', 0.8375, 'loss_train:', 0.32513439282774925, 'acc_val', 0.75, 'loss_val:', tensor(0.7904, device='cuda:0'), 'acc_test:', 0.85)
2024-12-05 20:22:39,207 - INFO - ('epoch:', 90, 'acc_train:', 0.83125, 'loss_train:', 0.3456895723938942, 'acc_val', 0.8, 'loss_val:', tensor(0.8127, device='cuda:0'), 'acc_test:', 0.85)
2024-12-05 20:22:43,927 - INFO - ('epoch:', 100, 'acc_train:', 0.8375, 'loss_train:', 0.3790084347128868, 'acc_val', 0.8, 'loss_val:', tensor(0.8454, device='cuda:0'), 'acc_test:', 0.9)
2024-12-05 20:22:48,475 - INFO - ('epoch:', 110, 'acc_train:', 0.8375, 'loss_train:', 0.33185358345508575, 'acc_val', 0.8, 'loss_val:', tensor(0.9242, device='cuda:0'), 'acc_test:', 0.85)
2024-12-05 20:22:53,124 - INFO - ('epoch:', 120, 'acc_train:', 0.84375, 'loss_train:', 0.33363791182637215, 'acc_val', 0.8, 'loss_val:', tensor(0.8714, device='cuda:0'), 'acc_test:', 0.9)
2024-12-05 20:22:57,719 - INFO - ('epoch:', 130, 'acc_train:', 0.84375, 'loss_train:', 0.35408739745616913, 'acc_val', 0.8, 'loss_val:', tensor(0.8813, device='cuda:0'), 'acc_test:', 0.85)
2024-12-05 20:23:02,549 - INFO - ('epoch:', 140, 'acc_train:', 0.85, 'loss_train:', 0.30142511427402496, 'acc_val', 0.8, 'loss_val:', tensor(1.0377, device='cuda:0'), 'acc_test:', 0.85)
2024-12-05 20:23:06,961 - INFO - ('epoch:', 150, 'acc_train:', 0.875, 'loss_train:', 0.27253052964806557, 'acc_val', 0.8, 'loss_val:', tensor(1.0348, device='cuda:0'), 'acc_test:', 0.85)
2024-12-05 20:23:11,692 - INFO - ('epoch:', 160, 'acc_train:', 0.8625, 'loss_train:', 0.3191589117050171, 'acc_val', 0.8, 'loss_val:', tensor(0.9984, device='cuda:0'), 'acc_test:', 0.85)
2024-12-05 20:23:16,207 - INFO - ('epoch:', 170, 'acc_train:', 0.8875, 'loss_train:', 0.27888790890574455, 'acc_val', 0.8, 'loss_val:', tensor(1.0391, device='cuda:0'), 'acc_test:', 0.85)
2024-12-05 20:23:20,877 - INFO - ('epoch:', 180, 'acc_train:', 0.8625, 'loss_train:', 0.28854988515377045, 'acc_val', 0.8, 'loss_val:', tensor(1.1376, device='cuda:0'), 'acc_test:', 0.85)
2024-12-05 20:23:25,428 - INFO - ('epoch:', 190, 'acc_train:', 0.875, 'loss_train:', 0.29653871431946754, 'acc_val', 0.8, 'loss_val:', tensor(1.1099, device='cuda:0'), 'acc_test:', 0.85)
2024-12-05 20:23:30,121 - INFO - ('epoch:', 200, 'acc_train:', 0.85, 'loss_train:', 0.32748062908649445, 'acc_val', 0.8, 'loss_val:', tensor(1.1326, device='cuda:0'), 'acc_test:', 0.85)
2024-12-05 20:23:30,122 - INFO - [0 0 0 ... 0 0 0]
2024-12-05 20:23:30,122 - INFO - [1 1 0 ... 0 0 0]
2024-12-05 20:23:30,125 - INFO - Processing fold 3/10
2024-12-05 20:23:34,697 - INFO - ('epoch:', 10, 'acc_train:', 0.60625, 'loss_train:', 1.08515565097332, 'acc_val', 0.75, 'loss_val:', tensor(0.5133, device='cuda:0'), 'acc_test:', 0.85)
2024-12-05 20:23:39,333 - INFO - ('epoch:', 20, 'acc_train:', 0.7375, 'loss_train:', 0.6211797520518303, 'acc_val', 0.8, 'loss_val:', tensor(0.5028, device='cuda:0'), 'acc_test:', 0.8)
2024-12-05 20:23:43,868 - INFO - ('epoch:', 30, 'acc_train:', 0.79375, 'loss_train:', 0.5440673381090164, 'acc_val', 0.8, 'loss_val:', tensor(0.4162, device='cuda:0'), 'acc_test:', 0.8)
2024-12-05 20:23:48,480 - INFO - ('epoch:', 40, 'acc_train:', 0.8, 'loss_train:', 0.4692421816289425, 'acc_val', 0.8, 'loss_val:', tensor(0.4092, device='cuda:0'), 'acc_test:', 0.8)
2024-12-05 20:23:53,098 - INFO - ('epoch:', 50, 'acc_train:', 0.8125, 'loss_train:', 0.382642712444067, 'acc_val', 0.75, 'loss_val:', tensor(0.3743, device='cuda:0'), 'acc_test:', 0.8)
2024-12-05 20:23:57,755 - INFO - ('epoch:', 60, 'acc_train:', 0.8125, 'loss_train:', 0.3834267668426037, 'acc_val', 0.85, 'loss_val:', tensor(0.3707, device='cuda:0'), 'acc_test:', 0.75)
2024-12-05 20:24:02,282 - INFO - ('epoch:', 70, 'acc_train:', 0.825, 'loss_train:', 0.37076978385448456, 'acc_val', 0.85, 'loss_val:', tensor(0.3692, device='cuda:0'), 'acc_test:', 0.8)
2024-12-05 20:24:07,015 - INFO - ('epoch:', 80, 'acc_train:', 0.81875, 'loss_train:', 0.34697990119457245, 'acc_val', 0.85, 'loss_val:', tensor(0.3512, device='cuda:0'), 'acc_test:', 0.8)
2024-12-05 20:24:11,509 - INFO - ('epoch:', 90, 'acc_train:', 0.80625, 'loss_train:', 0.3629361018538475, 'acc_val', 0.9, 'loss_val:', tensor(0.3470, device='cuda:0'), 'acc_test:', 0.85)
2024-12-05 20:24:16,086 - INFO - ('epoch:', 100, 'acc_train:', 0.85625, 'loss_train:', 0.3516443744301796, 'acc_val', 0.85, 'loss_val:', tensor(0.3481, device='cuda:0'), 'acc_test:', 0.85)
2024-12-05 20:24:20,663 - INFO - ('epoch:', 110, 'acc_train:', 0.88125, 'loss_train:', 0.30866291746497154, 'acc_val', 0.9, 'loss_val:', tensor(0.3568, device='cuda:0'), 'acc_test:', 0.9)
2024-12-05 20:24:25,357 - INFO - ('epoch:', 120, 'acc_train:', 0.8625, 'loss_train:', 0.31488559767603874, 'acc_val', 0.85, 'loss_val:', tensor(0.3497, device='cuda:0'), 'acc_test:', 0.85)
2024-12-05 20:24:29,855 - INFO - ('epoch:', 130, 'acc_train:', 0.8375, 'loss_train:', 0.359821405261755, 'acc_val', 0.9, 'loss_val:', tensor(0.3491, device='cuda:0'), 'acc_test:', 0.85)
2024-12-05 20:24:34,284 - INFO - ('epoch:', 140, 'acc_train:', 0.84375, 'loss_train:', 0.3357185833156109, 'acc_val', 0.9, 'loss_val:', tensor(0.3507, device='cuda:0'), 'acc_test:', 0.85)
2024-12-05 20:24:39,042 - INFO - ('epoch:', 150, 'acc_train:', 0.88125, 'loss_train:', 0.26336366683244705, 'acc_val', 0.9, 'loss_val:', tensor(0.3527, device='cuda:0'), 'acc_test:', 0.85)
2024-12-05 20:24:43,685 - INFO - ('epoch:', 160, 'acc_train:', 0.85, 'loss_train:', 0.29298270866274834, 'acc_val', 0.85, 'loss_val:', tensor(0.3580, device='cuda:0'), 'acc_test:', 0.85)
2024-12-05 20:24:48,496 - INFO - ('epoch:', 170, 'acc_train:', 0.80625, 'loss_train:', 0.39388978108763695, 'acc_val', 0.85, 'loss_val:', tensor(0.3575, device='cuda:0'), 'acc_test:', 0.85)
2024-12-05 20:24:53,065 - INFO - ('epoch:', 180, 'acc_train:', 0.85625, 'loss_train:', 0.29629527032375336, 'acc_val', 0.8, 'loss_val:', tensor(0.3640, device='cuda:0'), 'acc_test:', 0.85)
2024-12-05 20:24:57,756 - INFO - ('epoch:', 190, 'acc_train:', 0.86875, 'loss_train:', 0.3020659200847149, 'acc_val', 0.9, 'loss_val:', tensor(0.3554, device='cuda:0'), 'acc_test:', 0.85)
2024-12-05 20:25:02,286 - INFO - ('epoch:', 200, 'acc_train:', 0.8625, 'loss_train:', 0.3044428266584873, 'acc_val', 0.85, 'loss_val:', tensor(0.3509, device='cuda:0'), 'acc_test:', 0.85)
2024-12-05 20:25:02,287 - INFO - [0 0 0 ... 0 0 0]
2024-12-05 20:25:02,287 - INFO - [0 0 0 ... 0 0 0]
2024-12-05 20:25:02,291 - INFO - Processing fold 4/10
2024-12-05 20:25:06,941 - INFO - ('epoch:', 10, 'acc_train:', 0.6625, 'loss_train:', 0.978687658905983, 'acc_val', 0.85, 'loss_val:', tensor(0.4417, device='cuda:0'), 'acc_test:', 0.85)
2024-12-05 20:25:11,194 - INFO - ('epoch:', 20, 'acc_train:', 0.75, 'loss_train:', 0.618346318602562, 'acc_val', 0.85, 'loss_val:', tensor(0.4343, device='cuda:0'), 'acc_test:', 0.85)
2024-12-05 20:25:15,775 - INFO - ('epoch:', 30, 'acc_train:', 0.825, 'loss_train:', 0.4072290174663067, 'acc_val', 0.8, 'loss_val:', tensor(0.4644, device='cuda:0'), 'acc_test:', 0.85)
2024-12-05 20:25:20,538 - INFO - ('epoch:', 40, 'acc_train:', 0.81875, 'loss_train:', 0.45988380536437035, 'acc_val', 0.8, 'loss_val:', tensor(0.4952, device='cuda:0'), 'acc_test:', 0.85)
2024-12-05 20:25:25,082 - INFO - ('epoch:', 50, 'acc_train:', 0.825, 'loss_train:', 0.4088588058948517, 'acc_val', 0.75, 'loss_val:', tensor(0.4592, device='cuda:0'), 'acc_test:', 0.85)
2024-12-05 20:25:29,837 - INFO - ('epoch:', 60, 'acc_train:', 0.81875, 'loss_train:', 0.43700822815299034, 'acc_val', 0.9, 'loss_val:', tensor(0.4458, device='cuda:0'), 'acc_test:', 0.85)
2024-12-05 20:25:34,413 - INFO - ('epoch:', 70, 'acc_train:', 0.8125, 'loss_train:', 0.3815499506890774, 'acc_val', 0.85, 'loss_val:', tensor(0.4695, device='cuda:0'), 'acc_test:', 0.85)
2024-12-05 20:25:39,100 - INFO - ('epoch:', 80, 'acc_train:', 0.825, 'loss_train:', 0.3876691423356533, 'acc_val', 0.85, 'loss_val:', tensor(0.4460, device='cuda:0'), 'acc_test:', 0.85)
2024-12-05 20:25:43,677 - INFO - ('epoch:', 90, 'acc_train:', 0.84375, 'loss_train:', 0.3881586529314518, 'acc_val', 0.9, 'loss_val:', tensor(0.4389, device='cuda:0'), 'acc_test:', 0.9)
2024-12-05 20:25:48,321 - INFO - ('epoch:', 100, 'acc_train:', 0.81875, 'loss_train:', 0.3781125135719776, 'acc_val', 0.9, 'loss_val:', tensor(0.4687, device='cuda:0'), 'acc_test:', 0.9)
2024-12-05 20:25:52,814 - INFO - ('epoch:', 110, 'acc_train:', 0.86875, 'loss_train:', 0.3590092584490776, 'acc_val', 0.85, 'loss_val:', tensor(0.4643, device='cuda:0'), 'acc_test:', 0.9)
2024-12-05 20:25:57,303 - INFO - ('epoch:', 120, 'acc_train:', 0.8375, 'loss_train:', 0.38932204619050026, 'acc_val', 0.9, 'loss_val:', tensor(0.4556, device='cuda:0'), 'acc_test:', 0.9)
2024-12-05 20:26:01,916 - INFO - ('epoch:', 130, 'acc_train:', 0.8375, 'loss_train:', 0.3497617430984974, 'acc_val', 0.9, 'loss_val:', tensor(0.4427, device='cuda:0'), 'acc_test:', 0.9)
2024-12-05 20:26:06,544 - INFO - ('epoch:', 140, 'acc_train:', 0.85, 'loss_train:', 0.3250543549656868, 'acc_val', 0.9, 'loss_val:', tensor(0.4478, device='cuda:0'), 'acc_test:', 0.9)
2024-12-05 20:26:11,246 - INFO - ('epoch:', 150, 'acc_train:', 0.85, 'loss_train:', 0.33453357592225075, 'acc_val', 0.95, 'loss_val:', tensor(0.4489, device='cuda:0'), 'acc_test:', 0.9)
2024-12-05 20:26:15,865 - INFO - ('epoch:', 160, 'acc_train:', 0.8625, 'loss_train:', 0.27940509095788, 'acc_val', 0.95, 'loss_val:', tensor(0.4564, device='cuda:0'), 'acc_test:', 0.9)
2024-12-05 20:26:20,774 - INFO - ('epoch:', 170, 'acc_train:', 0.86875, 'loss_train:', 0.3448055572807789, 'acc_val', 0.95, 'loss_val:', tensor(0.4535, device='cuda:0'), 'acc_test:', 0.9)
2024-12-05 20:26:25,390 - INFO - ('epoch:', 180, 'acc_train:', 0.875, 'loss_train:', 0.35802821442484856, 'acc_val', 0.95, 'loss_val:', tensor(0.4504, device='cuda:0'), 'acc_test:', 0.9)
2024-12-05 20:26:30,008 - INFO - ('epoch:', 190, 'acc_train:', 0.86875, 'loss_train:', 0.3356371372938156, 'acc_val', 0.95, 'loss_val:', tensor(0.4689, device='cuda:0'), 'acc_test:', 0.9)
2024-12-05 20:26:34,657 - INFO - ('epoch:', 200, 'acc_train:', 0.8875, 'loss_train:', 0.279821190983057, 'acc_val', 0.95, 'loss_val:', tensor(0.4727, device='cuda:0'), 'acc_test:', 0.9)
2024-12-05 20:26:34,657 - INFO - [0 0 0 ... 0 0 1]
2024-12-05 20:26:34,657 - INFO - [0 0 0 ... 0 0 1]
2024-12-05 20:26:34,661 - INFO - Processing fold 5/10
2024-12-05 20:26:39,325 - INFO - ('epoch:', 10, 'acc_train:', 0.5625, 'loss_train:', 1.1562065482139587, 'acc_val', 0.95, 'loss_val:', tensor(0.4031, device='cuda:0'), 'acc_test:', 0.85)
2024-12-05 20:26:43,943 - INFO - ('epoch:', 20, 'acc_train:', 0.7125, 'loss_train:', 0.7835940942168236, 'acc_val', 0.85, 'loss_val:', tensor(0.2835, device='cuda:0'), 'acc_test:', 0.7)
2024-12-05 20:26:48,720 - INFO - ('epoch:', 30, 'acc_train:', 0.80625, 'loss_train:', 0.5419524908065796, 'acc_val', 0.85, 'loss_val:', tensor(0.3183, device='cuda:0'), 'acc_test:', 0.85)
2024-12-05 20:26:53,303 - INFO - ('epoch:', 40, 'acc_train:', 0.79375, 'loss_train:', 0.4898618049919605, 'acc_val', 0.85, 'loss_val:', tensor(0.3427, device='cuda:0'), 'acc_test:', 0.8)
2024-12-05 20:26:57,965 - INFO - ('epoch:', 50, 'acc_train:', 0.83125, 'loss_train:', 0.4164789207279682, 'acc_val', 0.85, 'loss_val:', tensor(0.3320, device='cuda:0'), 'acc_test:', 0.85)
2024-12-05 20:27:02,516 - INFO - ('epoch:', 60, 'acc_train:', 0.79375, 'loss_train:', 0.4373890273272991, 'acc_val', 0.85, 'loss_val:', tensor(0.3250, device='cuda:0'), 'acc_test:', 0.8)
2024-12-05 20:27:07,026 - INFO - ('epoch:', 70, 'acc_train:', 0.81875, 'loss_train:', 0.4191046804189682, 'acc_val', 0.85, 'loss_val:', tensor(0.3117, device='cuda:0'), 'acc_test:', 0.85)
2024-12-05 20:27:11,677 - INFO - ('epoch:', 80, 'acc_train:', 0.8375, 'loss_train:', 0.35604819655418396, 'acc_val', 0.85, 'loss_val:', tensor(0.3067, device='cuda:0'), 'acc_test:', 0.85)
2024-12-05 20:27:16,218 - INFO - ('epoch:', 90, 'acc_train:', 0.8125, 'loss_train:', 0.38517044484615326, 'acc_val', 0.9, 'loss_val:', tensor(0.3110, device='cuda:0'), 'acc_test:', 0.85)
2024-12-05 20:27:20,771 - INFO - ('epoch:', 100, 'acc_train:', 0.79375, 'loss_train:', 0.36864303052425385, 'acc_val', 0.85, 'loss_val:', tensor(0.3087, device='cuda:0'), 'acc_test:', 0.85)
2024-12-05 20:27:25,343 - INFO - ('epoch:', 110, 'acc_train:', 0.84375, 'loss_train:', 0.33944300934672356, 'acc_val', 0.85, 'loss_val:', tensor(0.3126, device='cuda:0'), 'acc_test:', 0.85)
2024-12-05 20:27:30,055 - INFO - ('epoch:', 120, 'acc_train:', 0.83125, 'loss_train:', 0.3402971997857094, 'acc_val', 0.85, 'loss_val:', tensor(0.3169, device='cuda:0'), 'acc_test:', 0.85)
2024-12-05 20:27:34,656 - INFO - ('epoch:', 130, 'acc_train:', 0.84375, 'loss_train:', 0.36129126884043217, 'acc_val', 0.9, 'loss_val:', tensor(0.3174, device='cuda:0'), 'acc_test:', 0.85)
2024-12-05 20:27:39,362 - INFO - ('epoch:', 140, 'acc_train:', 0.8375, 'loss_train:', 0.30062004923820496, 'acc_val', 0.85, 'loss_val:', tensor(0.3104, device='cuda:0'), 'acc_test:', 0.85)
2024-12-05 20:27:43,899 - INFO - ('epoch:', 150, 'acc_train:', 0.8, 'loss_train:', 0.3179497830569744, 'acc_val', 0.9, 'loss_val:', tensor(0.3250, device='cuda:0'), 'acc_test:', 0.85)
2024-12-05 20:27:48,644 - INFO - ('epoch:', 160, 'acc_train:', 0.84375, 'loss_train:', 0.31971827521920204, 'acc_val', 0.9, 'loss_val:', tensor(0.3183, device='cuda:0'), 'acc_test:', 0.85)
2024-12-05 20:27:53,131 - INFO - ('epoch:', 170, 'acc_train:', 0.8625, 'loss_train:', 0.30470624566078186, 'acc_val', 0.85, 'loss_val:', tensor(0.3206, device='cuda:0'), 'acc_test:', 0.85)
2024-12-05 20:27:57,821 - INFO - ('epoch:', 180, 'acc_train:', 0.8875, 'loss_train:', 0.3138469457626343, 'acc_val', 0.9, 'loss_val:', tensor(0.3332, device='cuda:0'), 'acc_test:', 0.85)
2024-12-05 20:28:02,243 - INFO - ('epoch:', 190, 'acc_train:', 0.85625, 'loss_train:', 0.32148240879178047, 'acc_val', 0.9, 'loss_val:', tensor(0.3252, device='cuda:0'), 'acc_test:', 0.85)
2024-12-05 20:28:06,839 - INFO - ('epoch:', 200, 'acc_train:', 0.84375, 'loss_train:', 0.315737284719944, 'acc_val', 0.9, 'loss_val:', tensor(0.3339, device='cuda:0'), 'acc_test:', 0.85)
2024-12-05 20:28:06,839 - INFO - [0 0 0 ... 0 0 0]
2024-12-05 20:28:06,840 - INFO - [0 0 0 ... 0 0 0]
2024-12-05 20:28:06,843 - INFO - Processing fold 6/10
2024-12-05 20:28:11,485 - INFO - ('epoch:', 10, 'acc_train:', 0.675, 'loss_train:', 0.7577664256095886, 'acc_val', 0.85, 'loss_val:', tensor(0.4348, device='cuda:0'), 'acc_test:', 0.6)
2024-12-05 20:28:15,996 - INFO - ('epoch:', 20, 'acc_train:', 0.75625, 'loss_train:', 0.5768532529473305, 'acc_val', 0.8, 'loss_val:', tensor(0.4098, device='cuda:0'), 'acc_test:', 0.7)
2024-12-05 20:28:20,761 - INFO - ('epoch:', 30, 'acc_train:', 0.80625, 'loss_train:', 0.4424333684146404, 'acc_val', 0.85, 'loss_val:', tensor(0.3490, device='cuda:0'), 'acc_test:', 0.75)
2024-12-05 20:28:25,274 - INFO - ('epoch:', 40, 'acc_train:', 0.7875, 'loss_train:', 0.494426392018795, 'acc_val', 0.85, 'loss_val:', tensor(0.3437, device='cuda:0'), 'acc_test:', 0.65)
2024-12-05 20:28:30,158 - INFO - ('epoch:', 50, 'acc_train:', 0.81875, 'loss_train:', 0.4039710983633995, 'acc_val', 0.85, 'loss_val:', tensor(0.3386, device='cuda:0'), 'acc_test:', 0.65)
2024-12-05 20:28:34,750 - INFO - ('epoch:', 60, 'acc_train:', 0.84375, 'loss_train:', 0.3954258933663368, 'acc_val', 0.85, 'loss_val:', tensor(0.3311, device='cuda:0'), 'acc_test:', 0.75)
2024-12-05 20:28:39,252 - INFO - ('epoch:', 70, 'acc_train:', 0.8375, 'loss_train:', 0.39916885271668434, 'acc_val', 0.85, 'loss_val:', tensor(0.3327, device='cuda:0'), 'acc_test:', 0.7)
2024-12-05 20:28:43,638 - INFO - ('epoch:', 80, 'acc_train:', 0.85, 'loss_train:', 0.3759852722287178, 'acc_val', 0.85, 'loss_val:', tensor(0.3295, device='cuda:0'), 'acc_test:', 0.75)
2024-12-05 20:28:48,146 - INFO - ('epoch:', 90, 'acc_train:', 0.85625, 'loss_train:', 0.35729777812957764, 'acc_val', 0.85, 'loss_val:', tensor(0.3309, device='cuda:0'), 'acc_test:', 0.75)
2024-12-05 20:28:52,848 - INFO - ('epoch:', 100, 'acc_train:', 0.81875, 'loss_train:', 0.36910321190953255, 'acc_val', 0.9, 'loss_val:', tensor(0.3124, device='cuda:0'), 'acc_test:', 0.75)
2024-12-05 20:28:57,425 - INFO - ('epoch:', 110, 'acc_train:', 0.88125, 'loss_train:', 0.34771066904067993, 'acc_val', 0.9, 'loss_val:', tensor(0.3268, device='cuda:0'), 'acc_test:', 0.75)
2024-12-05 20:29:01,995 - INFO - ('epoch:', 120, 'acc_train:', 0.875, 'loss_train:', 0.35530900955200195, 'acc_val', 0.9, 'loss_val:', tensor(0.3215, device='cuda:0'), 'acc_test:', 0.7)
2024-12-05 20:29:06,326 - INFO - ('epoch:', 130, 'acc_train:', 0.8625, 'loss_train:', 0.31744977831840515, 'acc_val', 0.9, 'loss_val:', tensor(0.3283, device='cuda:0'), 'acc_test:', 0.75)
2024-12-05 20:29:10,982 - INFO - ('epoch:', 140, 'acc_train:', 0.8625, 'loss_train:', 0.33064743876457214, 'acc_val', 0.9, 'loss_val:', tensor(0.3248, device='cuda:0'), 'acc_test:', 0.75)
2024-12-05 20:29:15,674 - INFO - ('epoch:', 150, 'acc_train:', 0.84375, 'loss_train:', 0.34316620230674744, 'acc_val', 0.9, 'loss_val:', tensor(0.3275, device='cuda:0'), 'acc_test:', 0.75)
2024-12-05 20:29:20,219 - INFO - ('epoch:', 160, 'acc_train:', 0.83125, 'loss_train:', 0.3683045990765095, 'acc_val', 0.9, 'loss_val:', tensor(0.3359, device='cuda:0'), 'acc_test:', 0.75)
2024-12-05 20:29:24,831 - INFO - ('epoch:', 170, 'acc_train:', 0.85625, 'loss_train:', 0.34058650210499763, 'acc_val', 0.9, 'loss_val:', tensor(0.3215, device='cuda:0'), 'acc_test:', 0.75)
2024-12-05 20:29:29,411 - INFO - ('epoch:', 180, 'acc_train:', 0.9, 'loss_train:', 0.3089410327374935, 'acc_val', 0.9, 'loss_val:', tensor(0.3224, device='cuda:0'), 'acc_test:', 0.75)
2024-12-05 20:29:34,142 - INFO - ('epoch:', 190, 'acc_train:', 0.88125, 'loss_train:', 0.3094707056879997, 'acc_val', 0.9, 'loss_val:', tensor(0.3171, device='cuda:0'), 'acc_test:', 0.75)
2024-12-05 20:29:38,626 - INFO - ('epoch:', 200, 'acc_train:', 0.89375, 'loss_train:', 0.3034050539135933, 'acc_val', 0.9, 'loss_val:', tensor(0.3145, device='cuda:0'), 'acc_test:', 0.75)
2024-12-05 20:29:38,626 - INFO - [0 0 0 ... 0 1 0]
2024-12-05 20:29:38,627 - INFO - [1 0 1 ... 0 1 0]
2024-12-05 20:29:38,630 - INFO - Processing fold 7/10
2024-12-05 20:29:43,392 - INFO - ('epoch:', 10, 'acc_train:', 0.70625, 'loss_train:', 0.6442661583423615, 'acc_val', 0.6, 'loss_val:', tensor(0.9910, device='cuda:0'), 'acc_test:', 0.75)
2024-12-05 20:29:47,867 - INFO - ('epoch:', 20, 'acc_train:', 0.75625, 'loss_train:', 0.5581707656383514, 'acc_val', 0.7, 'loss_val:', tensor(0.9103, device='cuda:0'), 'acc_test:', 0.85)
2024-12-05 20:29:52,538 - INFO - ('epoch:', 30, 'acc_train:', 0.81875, 'loss_train:', 0.41360756754875183, 'acc_val', 0.75, 'loss_val:', tensor(0.6708, device='cuda:0'), 'acc_test:', 0.85)
2024-12-05 20:29:57,304 - INFO - ('epoch:', 40, 'acc_train:', 0.80625, 'loss_train:', 0.4473731219768524, 'acc_val', 0.7, 'loss_val:', tensor(0.7508, device='cuda:0'), 'acc_test:', 0.85)
2024-12-05 20:30:01,649 - INFO - ('epoch:', 50, 'acc_train:', 0.84375, 'loss_train:', 0.3840299919247627, 'acc_val', 0.7, 'loss_val:', tensor(0.8237, device='cuda:0'), 'acc_test:', 0.85)
2024-12-05 20:30:06,289 - INFO - ('epoch:', 60, 'acc_train:', 0.8375, 'loss_train:', 0.34827717393636703, 'acc_val', 0.7, 'loss_val:', tensor(0.8814, device='cuda:0'), 'acc_test:', 0.9)
2024-12-05 20:30:10,845 - INFO - ('epoch:', 70, 'acc_train:', 0.84375, 'loss_train:', 0.3512111194431782, 'acc_val', 0.7, 'loss_val:', tensor(0.9045, device='cuda:0'), 'acc_test:', 0.9)
2024-12-05 20:30:15,442 - INFO - ('epoch:', 80, 'acc_train:', 0.80625, 'loss_train:', 0.41225315630435944, 'acc_val', 0.75, 'loss_val:', tensor(1.0256, device='cuda:0'), 'acc_test:', 0.85)
2024-12-05 20:30:20,122 - INFO - ('epoch:', 90, 'acc_train:', 0.8625, 'loss_train:', 0.36305121332407, 'acc_val', 0.75, 'loss_val:', tensor(1.0312, device='cuda:0'), 'acc_test:', 0.85)
2024-12-05 20:30:24,609 - INFO - ('epoch:', 100, 'acc_train:', 0.88125, 'loss_train:', 0.33639678731560707, 'acc_val', 0.75, 'loss_val:', tensor(1.0283, device='cuda:0'), 'acc_test:', 0.9)
2024-12-05 20:30:29,259 - INFO - ('epoch:', 110, 'acc_train:', 0.86875, 'loss_train:', 0.33173825219273567, 'acc_val', 0.75, 'loss_val:', tensor(1.0948, device='cuda:0'), 'acc_test:', 0.85)
2024-12-05 20:30:33,652 - INFO - ('epoch:', 120, 'acc_train:', 0.88125, 'loss_train:', 0.2954140603542328, 'acc_val', 0.75, 'loss_val:', tensor(1.1110, device='cuda:0'), 'acc_test:', 0.8)
2024-12-05 20:30:38,197 - INFO - ('epoch:', 130, 'acc_train:', 0.80625, 'loss_train:', 0.3376103304326534, 'acc_val', 0.75, 'loss_val:', tensor(1.1382, device='cuda:0'), 'acc_test:', 0.85)
2024-12-05 20:30:42,725 - INFO - ('epoch:', 140, 'acc_train:', 0.85625, 'loss_train:', 0.3174663446843624, 'acc_val', 0.75, 'loss_val:', tensor(1.1967, device='cuda:0'), 'acc_test:', 0.8)
2024-12-05 20:30:46,908 - INFO - ('epoch:', 150, 'acc_train:', 0.85625, 'loss_train:', 0.3232463523745537, 'acc_val', 0.75, 'loss_val:', tensor(1.2080, device='cuda:0'), 'acc_test:', 0.85)
2024-12-05 20:30:51,479 - INFO - ('epoch:', 160, 'acc_train:', 0.85625, 'loss_train:', 0.3011617437005043, 'acc_val', 0.75, 'loss_val:', tensor(1.1563, device='cuda:0'), 'acc_test:', 0.9)
2024-12-05 20:30:56,050 - INFO - ('epoch:', 170, 'acc_train:', 0.84375, 'loss_train:', 0.3593089208006859, 'acc_val', 0.75, 'loss_val:', tensor(1.2282, device='cuda:0'), 'acc_test:', 0.85)
2024-12-05 20:31:00,504 - INFO - ('epoch:', 180, 'acc_train:', 0.8875, 'loss_train:', 0.287667915225029, 'acc_val', 0.75, 'loss_val:', tensor(1.2161, device='cuda:0'), 'acc_test:', 0.85)
2024-12-05 20:31:04,987 - INFO - ('epoch:', 190, 'acc_train:', 0.8375, 'loss_train:', 0.3159067388623953, 'acc_val', 0.75, 'loss_val:', tensor(1.2674, device='cuda:0'), 'acc_test:', 0.85)
2024-12-05 20:31:09,685 - INFO - ('epoch:', 200, 'acc_train:', 0.85625, 'loss_train:', 0.2756910026073456, 'acc_val', 0.75, 'loss_val:', tensor(1.2716, device='cuda:0'), 'acc_test:', 0.9)
2024-12-05 20:31:09,685 - INFO - [0 0 0 ... 0 0 0]
2024-12-05 20:31:09,685 - INFO - [1 0 0 ... 0 0 0]
2024-12-05 20:31:09,689 - INFO - Processing fold 8/10
2024-12-05 20:31:14,270 - INFO - ('epoch:', 10, 'acc_train:', 0.70625, 'loss_train:', 0.7489012256264687, 'acc_val', 0.75, 'loss_val:', tensor(0.6739, device='cuda:0'), 'acc_test:', 0.85)
2024-12-05 20:31:18,728 - INFO - ('epoch:', 20, 'acc_train:', 0.75625, 'loss_train:', 0.5803992673754692, 'acc_val', 0.85, 'loss_val:', tensor(0.3866, device='cuda:0'), 'acc_test:', 0.85)
2024-12-05 20:31:23,459 - INFO - ('epoch:', 30, 'acc_train:', 0.78125, 'loss_train:', 0.4652477838099003, 'acc_val', 0.9, 'loss_val:', tensor(0.2832, device='cuda:0'), 'acc_test:', 0.85)
2024-12-05 20:31:28,074 - INFO - ('epoch:', 40, 'acc_train:', 0.79375, 'loss_train:', 0.4684926010668278, 'acc_val', 0.95, 'loss_val:', tensor(0.3060, device='cuda:0'), 'acc_test:', 0.85)
2024-12-05 20:31:32,603 - INFO - ('epoch:', 50, 'acc_train:', 0.775, 'loss_train:', 0.4888557828962803, 'acc_val', 0.9, 'loss_val:', tensor(0.3683, device='cuda:0'), 'acc_test:', 0.85)
2024-12-05 20:31:37,180 - INFO - ('epoch:', 60, 'acc_train:', 0.8125, 'loss_train:', 0.4394860304892063, 'acc_val', 0.9, 'loss_val:', tensor(0.3740, device='cuda:0'), 'acc_test:', 0.85)
2024-12-05 20:31:41,874 - INFO - ('epoch:', 70, 'acc_train:', 0.84375, 'loss_train:', 0.3610745891928673, 'acc_val', 0.9, 'loss_val:', tensor(0.4044, device='cuda:0'), 'acc_test:', 0.85)
2024-12-05 20:31:46,437 - INFO - ('epoch:', 80, 'acc_train:', 0.83125, 'loss_train:', 0.36281055957078934, 'acc_val', 0.9, 'loss_val:', tensor(0.3460, device='cuda:0'), 'acc_test:', 0.85)
2024-12-05 20:31:50,968 - INFO - ('epoch:', 90, 'acc_train:', 0.85, 'loss_train:', 0.35821443051099777, 'acc_val', 0.9, 'loss_val:', tensor(0.3452, device='cuda:0'), 'acc_test:', 0.85)
2024-12-05 20:31:55,605 - INFO - ('epoch:', 100, 'acc_train:', 0.81875, 'loss_train:', 0.38785818964242935, 'acc_val', 0.9, 'loss_val:', tensor(0.3777, device='cuda:0'), 'acc_test:', 0.85)
2024-12-05 20:32:00,188 - INFO - ('epoch:', 110, 'acc_train:', 0.85625, 'loss_train:', 0.341731671243906, 'acc_val', 0.9, 'loss_val:', tensor(0.4185, device='cuda:0'), 'acc_test:', 0.85)
2024-12-05 20:32:04,650 - INFO - ('epoch:', 120, 'acc_train:', 0.8625, 'loss_train:', 0.3183783032000065, 'acc_val', 0.9, 'loss_val:', tensor(0.3792, device='cuda:0'), 'acc_test:', 0.85)
2024-12-05 20:32:09,295 - INFO - ('epoch:', 130, 'acc_train:', 0.8375, 'loss_train:', 0.3753838390111923, 'acc_val', 0.9, 'loss_val:', tensor(0.4392, device='cuda:0'), 'acc_test:', 0.85)
2024-12-05 20:32:13,884 - INFO - ('epoch:', 140, 'acc_train:', 0.83125, 'loss_train:', 0.34754326194524765, 'acc_val', 0.9, 'loss_val:', tensor(0.3939, device='cuda:0'), 'acc_test:', 0.85)
2024-12-05 20:32:18,246 - INFO - ('epoch:', 150, 'acc_train:', 0.83125, 'loss_train:', 0.36137109994888306, 'acc_val', 0.9, 'loss_val:', tensor(0.4230, device='cuda:0'), 'acc_test:', 0.85)
2024-12-05 20:32:22,813 - INFO - ('epoch:', 160, 'acc_train:', 0.85625, 'loss_train:', 0.2936129458248615, 'acc_val', 0.9, 'loss_val:', tensor(0.4114, device='cuda:0'), 'acc_test:', 0.85)
2024-12-05 20:32:27,240 - INFO - ('epoch:', 170, 'acc_train:', 0.83125, 'loss_train:', 0.3420775309205055, 'acc_val', 0.9, 'loss_val:', tensor(0.4162, device='cuda:0'), 'acc_test:', 0.85)
2024-12-05 20:32:31,816 - INFO - ('epoch:', 180, 'acc_train:', 0.85, 'loss_train:', 0.3281969241797924, 'acc_val', 0.85, 'loss_val:', tensor(0.4235, device='cuda:0'), 'acc_test:', 0.85)
2024-12-05 20:32:35,986 - INFO - ('epoch:', 190, 'acc_train:', 0.8875, 'loss_train:', 0.32076412811875343, 'acc_val', 0.85, 'loss_val:', tensor(0.4092, device='cuda:0'), 'acc_test:', 0.85)
2024-12-05 20:32:40,556 - INFO - ('epoch:', 200, 'acc_train:', 0.8875, 'loss_train:', 0.30673397704958916, 'acc_val', 0.85, 'loss_val:', tensor(0.4225, device='cuda:0'), 'acc_test:', 0.85)
2024-12-05 20:32:40,557 - INFO - [0 0 0 ... 1 0 0]
2024-12-05 20:32:40,557 - INFO - [1 0 0 ... 1 0 0]
2024-12-05 20:32:40,560 - INFO - Processing fold 9/10
2024-12-05 20:32:45,132 - INFO - ('epoch:', 10, 'acc_train:', 0.56875, 'loss_train:', 1.0798973143100739, 'acc_val', 0.85, 'loss_val:', tensor(0.4498, device='cuda:0'), 'acc_test:', 0.9)
2024-12-05 20:32:49,538 - INFO - ('epoch:', 20, 'acc_train:', 0.74375, 'loss_train:', 0.6513136997818947, 'acc_val', 0.85, 'loss_val:', tensor(0.4152, device='cuda:0'), 'acc_test:', 0.85)
2024-12-05 20:32:54,067 - INFO - ('epoch:', 30, 'acc_train:', 0.79375, 'loss_train:', 0.4909017086029053, 'acc_val', 0.8, 'loss_val:', tensor(0.4751, device='cuda:0'), 'acc_test:', 0.8)
2024-12-05 20:32:57,991 - INFO - ('epoch:', 40, 'acc_train:', 0.775, 'loss_train:', 0.47170183435082436, 'acc_val', 0.85, 'loss_val:', tensor(0.4299, device='cuda:0'), 'acc_test:', 0.85)
2024-12-05 20:33:02,491 - INFO - ('epoch:', 50, 'acc_train:', 0.825, 'loss_train:', 0.43773971125483513, 'acc_val', 0.85, 'loss_val:', tensor(0.4578, device='cuda:0'), 'acc_test:', 0.85)
2024-12-05 20:33:07,088 - INFO - ('epoch:', 60, 'acc_train:', 0.8, 'loss_train:', 0.5238809026777744, 'acc_val', 0.85, 'loss_val:', tensor(0.4072, device='cuda:0'), 'acc_test:', 0.85)
2024-12-05 20:33:11,813 - INFO - ('epoch:', 70, 'acc_train:', 0.83125, 'loss_train:', 0.38151372596621513, 'acc_val', 0.8, 'loss_val:', tensor(0.4044, device='cuda:0'), 'acc_test:', 0.8)
2024-12-05 20:33:16,099 - INFO - ('epoch:', 80, 'acc_train:', 0.8125, 'loss_train:', 0.44309644401073456, 'acc_val', 0.85, 'loss_val:', tensor(0.3667, device='cuda:0'), 'acc_test:', 0.85)
2024-12-05 20:33:20,710 - INFO - ('epoch:', 90, 'acc_train:', 0.825, 'loss_train:', 0.3612939827144146, 'acc_val', 0.85, 'loss_val:', tensor(0.3702, device='cuda:0'), 'acc_test:', 0.85)
2024-12-05 20:33:25,292 - INFO - ('epoch:', 100, 'acc_train:', 0.8375, 'loss_train:', 0.3819657415151596, 'acc_val', 0.85, 'loss_val:', tensor(0.3628, device='cuda:0'), 'acc_test:', 0.85)
2024-12-05 20:33:29,743 - INFO - ('epoch:', 110, 'acc_train:', 0.83125, 'loss_train:', 0.3583512715995312, 'acc_val', 0.85, 'loss_val:', tensor(0.3644, device='cuda:0'), 'acc_test:', 0.85)
2024-12-05 20:33:34,342 - INFO - ('epoch:', 120, 'acc_train:', 0.84375, 'loss_train:', 0.40813154727220535, 'acc_val', 0.85, 'loss_val:', tensor(0.3701, device='cuda:0'), 'acc_test:', 0.85)
2024-12-05 20:33:38,901 - INFO - ('epoch:', 130, 'acc_train:', 0.825, 'loss_train:', 0.36236023902893066, 'acc_val', 0.85, 'loss_val:', tensor(0.3487, device='cuda:0'), 'acc_test:', 0.85)
2024-12-05 20:33:43,608 - INFO - ('epoch:', 140, 'acc_train:', 0.85, 'loss_train:', 0.33492330461740494, 'acc_val', 0.85, 'loss_val:', tensor(0.3362, device='cuda:0'), 'acc_test:', 0.85)
2024-12-05 20:33:47,792 - INFO - ('epoch:', 150, 'acc_train:', 0.81875, 'loss_train:', 0.39816974103450775, 'acc_val', 0.85, 'loss_val:', tensor(0.3398, device='cuda:0'), 'acc_test:', 0.85)
2024-12-05 20:33:52,462 - INFO - ('epoch:', 160, 'acc_train:', 0.85625, 'loss_train:', 0.3157656416296959, 'acc_val', 0.85, 'loss_val:', tensor(0.3317, device='cuda:0'), 'acc_test:', 0.85)
2024-12-05 20:33:56,842 - INFO - ('epoch:', 170, 'acc_train:', 0.81875, 'loss_train:', 0.39439286291599274, 'acc_val', 0.85, 'loss_val:', tensor(0.3540, device='cuda:0'), 'acc_test:', 0.85)
2024-12-05 20:34:01,591 - INFO - ('epoch:', 180, 'acc_train:', 0.84375, 'loss_train:', 0.31194001995027065, 'acc_val', 0.85, 'loss_val:', tensor(0.3685, device='cuda:0'), 'acc_test:', 0.85)
2024-12-05 20:34:06,240 - INFO - ('epoch:', 190, 'acc_train:', 0.84375, 'loss_train:', 0.3102259002625942, 'acc_val', 0.85, 'loss_val:', tensor(0.3689, device='cuda:0'), 'acc_test:', 0.85)
2024-12-05 20:34:10,812 - INFO - ('epoch:', 200, 'acc_train:', 0.84375, 'loss_train:', 0.3188726380467415, 'acc_val', 0.85, 'loss_val:', tensor(0.3383, device='cuda:0'), 'acc_test:', 0.85)
2024-12-05 20:34:10,813 - INFO - [0 0 0 ... 0 0 0]
2024-12-05 20:34:10,813 - INFO - [0 0 0 ... 0 0 0]
2024-12-05 20:34:10,816 - INFO - Processing fold 10/10
2024-12-05 20:34:15,447 - INFO - ('epoch:', 10, 'acc_train:', 0.64375, 'loss_train:', 1.0601463988423347, 'acc_val', 0.75, 'loss_val:', tensor(0.4710, device='cuda:0'), 'acc_test:', 0.65)
2024-12-05 20:34:20,227 - INFO - ('epoch:', 20, 'acc_train:', 0.7625, 'loss_train:', 0.6081605777144432, 'acc_val', 0.85, 'loss_val:', tensor(0.3305, device='cuda:0'), 'acc_test:', 0.6)
2024-12-05 20:34:24,667 - INFO - ('epoch:', 30, 'acc_train:', 0.7875, 'loss_train:', 0.5460059978067875, 'acc_val', 0.85, 'loss_val:', tensor(0.2982, device='cuda:0'), 'acc_test:', 0.7)
2024-12-05 20:34:29,245 - INFO - ('epoch:', 40, 'acc_train:', 0.76875, 'loss_train:', 0.5011471062898636, 'acc_val', 0.85, 'loss_val:', tensor(0.2863, device='cuda:0'), 'acc_test:', 0.65)
2024-12-05 20:34:33,514 - INFO - ('epoch:', 50, 'acc_train:', 0.8125, 'loss_train:', 0.41778986528515816, 'acc_val', 0.9, 'loss_val:', tensor(0.2333, device='cuda:0'), 'acc_test:', 0.6)
2024-12-05 20:34:38,282 - INFO - ('epoch:', 60, 'acc_train:', 0.81875, 'loss_train:', 0.38178886845707893, 'acc_val', 0.9, 'loss_val:', tensor(0.2350, device='cuda:0'), 'acc_test:', 0.7)
2024-12-05 20:34:42,352 - INFO - ('epoch:', 70, 'acc_train:', 0.8125, 'loss_train:', 0.36804983019828796, 'acc_val', 0.9, 'loss_val:', tensor(0.2542, device='cuda:0'), 'acc_test:', 0.75)
2024-12-05 20:34:46,351 - INFO - ('epoch:', 80, 'acc_train:', 0.80625, 'loss_train:', 0.3600488379597664, 'acc_val', 0.9, 'loss_val:', tensor(0.2472, device='cuda:0'), 'acc_test:', 0.75)
2024-12-05 20:34:50,681 - INFO - ('epoch:', 90, 'acc_train:', 0.83125, 'loss_train:', 0.3161523602902889, 'acc_val', 0.9, 'loss_val:', tensor(0.2402, device='cuda:0'), 'acc_test:', 0.7)
2024-12-05 20:34:55,201 - INFO - ('epoch:', 100, 'acc_train:', 0.84375, 'loss_train:', 0.3307942748069763, 'acc_val', 0.9, 'loss_val:', tensor(0.2275, device='cuda:0'), 'acc_test:', 0.75)
2024-12-05 20:34:59,762 - INFO - ('epoch:', 110, 'acc_train:', 0.86875, 'loss_train:', 0.2947199381887913, 'acc_val', 0.9, 'loss_val:', tensor(0.2237, device='cuda:0'), 'acc_test:', 0.75)
2024-12-05 20:35:04,406 - INFO - ('epoch:', 120, 'acc_train:', 0.85, 'loss_train:', 0.3068237900733948, 'acc_val', 0.9, 'loss_val:', tensor(0.2297, device='cuda:0'), 'acc_test:', 0.75)
2024-12-05 20:35:08,903 - INFO - ('epoch:', 130, 'acc_train:', 0.85625, 'loss_train:', 0.3095298558473587, 'acc_val', 0.9, 'loss_val:', tensor(0.2315, device='cuda:0'), 'acc_test:', 0.75)
2024-12-05 20:35:13,498 - INFO - ('epoch:', 140, 'acc_train:', 0.85625, 'loss_train:', 0.29291634261608124, 'acc_val', 0.9, 'loss_val:', tensor(0.2251, device='cuda:0'), 'acc_test:', 0.7)
2024-12-05 20:35:17,926 - INFO - ('epoch:', 150, 'acc_train:', 0.89375, 'loss_train:', 0.28459348157048225, 'acc_val', 0.9, 'loss_val:', tensor(0.2245, device='cuda:0'), 'acc_test:', 0.75)
2024-12-05 20:35:22,637 - INFO - ('epoch:', 160, 'acc_train:', 0.85625, 'loss_train:', 0.2770322114229202, 'acc_val', 0.9, 'loss_val:', tensor(0.2198, device='cuda:0'), 'acc_test:', 0.75)
2024-12-05 20:35:26,922 - INFO - ('epoch:', 170, 'acc_train:', 0.86875, 'loss_train:', 0.28955766931176186, 'acc_val', 0.9, 'loss_val:', tensor(0.2243, device='cuda:0'), 'acc_test:', 0.75)
2024-12-05 20:35:31,598 - INFO - ('epoch:', 180, 'acc_train:', 0.875, 'loss_train:', 0.27557312697172165, 'acc_val', 0.85, 'loss_val:', tensor(0.2306, device='cuda:0'), 'acc_test:', 0.75)
2024-12-05 20:35:35,978 - INFO - ('epoch:', 190, 'acc_train:', 0.86875, 'loss_train:', 0.27485822327435017, 'acc_val', 0.85, 'loss_val:', tensor(0.2229, device='cuda:0'), 'acc_test:', 0.75)
2024-12-05 20:35:40,625 - INFO - ('epoch:', 200, 'acc_train:', 0.9, 'loss_train:', 0.22984999418258667, 'acc_val', 0.85, 'loss_val:', tensor(0.2221, device='cuda:0'), 'acc_test:', 0.75)
2024-12-05 20:35:40,625 - INFO - [0 0 0 ... 0 0 0]
2024-12-05 20:35:40,626 - INFO - [1 0 1 ... 0 0 1]
2024-12-05 20:35:40,630 - INFO - [0.679692670308843, 0.6777369302652642, 0.6819473893736431, 0.6779277577330021, 0.6838771500859316, 0.6833931838408598, 0.6785535546812717, 0.675301949983341, 0.6779259722668165, 0.6844078191085352]
2024-12-05 20:35:40,630 - INFO - {'Model Name': 'GSL', 'Dataset Name': 'NLP', 'PATH': 'data_origin', 'Learning Rate': 0.001, 'IB_size': 256, 'Hidden Units': 8, 'Dropout Ratio': 0.5, 'Convolution Name': 'GIN', 'Number of Layers': 2, 'Averaging': False, 'Batch Size': 100, 'Weight Decay': 5e-05, 'set_epsilon': 0.2, 'tau': 0.2, 'beta': 0.0001, 'Precision': 0.6788435410044227, 'Recall': 0.74106, 'F1_best': 0.6800764377647508, 'F1_best_std': 0.0029611543348439023, 'ROC': 0.820920825, 'ROC_std': 0.0024070286482767633, 'PRC': 0.6643708978833456, 'ACC': 0.8315400000000001, 'ACC_std': 0.003980298355651218, 'ALL F1': [0.679692670308843, 0.6777369302652642, 0.6819473893736431, 0.6779277577330021, 0.6838771500859316, 0.6833931838408598, 0.6785535546812717, 0.675301949983341, 0.6779259722668165, 0.6844078191085352]}
