2024-12-10 06:47:34,205 - INFO - Processing fold 1/10
2024-12-10 06:47:38,936 - INFO - ('epoch:', 10, 'acc_train:', 0.66875, 'loss_train:', 0.8551643267273903, 'acc_val', 0.65, 'loss_val:', tensor(0.6371, device='cuda:0'), 'acc_test:', 0.8)
2024-12-10 06:47:43,692 - INFO - ('epoch:', 20, 'acc_train:', 0.78125, 'loss_train:', 0.489130150526762, 'acc_val', 0.65, 'loss_val:', tensor(0.8645, device='cuda:0'), 'acc_test:', 0.7)
2024-12-10 06:47:48,414 - INFO - ('epoch:', 30, 'acc_train:', 0.85625, 'loss_train:', 0.36712459474802017, 'acc_val', 0.7, 'loss_val:', tensor(0.9366, device='cuda:0'), 'acc_test:', 0.7)
2024-12-10 06:47:53,135 - INFO - ('epoch:', 40, 'acc_train:', 0.85625, 'loss_train:', 0.3753635585308075, 'acc_val', 0.7, 'loss_val:', tensor(1.1028, device='cuda:0'), 'acc_test:', 0.7)
2024-12-10 06:47:57,883 - INFO - ('epoch:', 50, 'acc_train:', 0.8875, 'loss_train:', 0.2740658111870289, 'acc_val', 0.75, 'loss_val:', tensor(0.8562, device='cuda:0'), 'acc_test:', 0.7)
2024-12-10 06:48:02,606 - INFO - ('epoch:', 60, 'acc_train:', 0.9, 'loss_train:', 0.28302783891558647, 'acc_val', 0.7, 'loss_val:', tensor(1.0783, device='cuda:0'), 'acc_test:', 0.65)
2024-12-10 06:48:07,332 - INFO - ('epoch:', 70, 'acc_train:', 0.8875, 'loss_train:', 0.28506921976804733, 'acc_val', 0.7, 'loss_val:', tensor(1.2839, device='cuda:0'), 'acc_test:', 0.65)
2024-12-10 06:48:12,079 - INFO - ('epoch:', 80, 'acc_train:', 0.88125, 'loss_train:', 0.2651561163365841, 'acc_val', 0.7, 'loss_val:', tensor(1.2349, device='cuda:0'), 'acc_test:', 0.65)
2024-12-10 06:48:16,799 - INFO - ('epoch:', 90, 'acc_train:', 0.8875, 'loss_train:', 0.3035357929766178, 'acc_val', 0.75, 'loss_val:', tensor(1.4720, device='cuda:0'), 'acc_test:', 0.65)
2024-12-10 06:48:21,486 - INFO - ('epoch:', 100, 'acc_train:', 0.8875, 'loss_train:', 0.2499733790755272, 'acc_val', 0.75, 'loss_val:', tensor(1.3682, device='cuda:0'), 'acc_test:', 0.65)
2024-12-10 06:48:26,210 - INFO - ('epoch:', 110, 'acc_train:', 0.88125, 'loss_train:', 0.23091469518840313, 'acc_val', 0.7, 'loss_val:', tensor(1.4182, device='cuda:0'), 'acc_test:', 0.65)
2024-12-10 06:48:30,915 - INFO - ('epoch:', 120, 'acc_train:', 0.88125, 'loss_train:', 0.23902738466858864, 'acc_val', 0.7, 'loss_val:', tensor(1.5635, device='cuda:0'), 'acc_test:', 0.65)
2024-12-10 06:48:35,642 - INFO - ('epoch:', 130, 'acc_train:', 0.90625, 'loss_train:', 0.22504796646535397, 'acc_val', 0.75, 'loss_val:', tensor(1.4721, device='cuda:0'), 'acc_test:', 0.65)
2024-12-10 06:48:40,362 - INFO - ('epoch:', 140, 'acc_train:', 0.9125, 'loss_train:', 0.2648342587053776, 'acc_val', 0.7, 'loss_val:', tensor(1.5938, device='cuda:0'), 'acc_test:', 0.65)
2024-12-10 06:48:45,111 - INFO - ('epoch:', 150, 'acc_train:', 0.9125, 'loss_train:', 0.19640612602233887, 'acc_val', 0.75, 'loss_val:', tensor(1.7716, device='cuda:0'), 'acc_test:', 0.65)
2024-12-10 06:48:49,838 - INFO - ('epoch:', 160, 'acc_train:', 0.8875, 'loss_train:', 0.2499374859035015, 'acc_val', 0.75, 'loss_val:', tensor(1.8739, device='cuda:0'), 'acc_test:', 0.65)
2024-12-10 06:48:54,558 - INFO - ('epoch:', 170, 'acc_train:', 0.93125, 'loss_train:', 0.1936217714101076, 'acc_val', 0.75, 'loss_val:', tensor(1.7341, device='cuda:0'), 'acc_test:', 0.65)
2024-12-10 06:48:59,300 - INFO - ('epoch:', 180, 'acc_train:', 0.91875, 'loss_train:', 0.19145628809928894, 'acc_val', 0.75, 'loss_val:', tensor(1.8181, device='cuda:0'), 'acc_test:', 0.7)
2024-12-10 06:49:04,026 - INFO - ('epoch:', 190, 'acc_train:', 0.89375, 'loss_train:', 0.2075918335467577, 'acc_val', 0.75, 'loss_val:', tensor(1.7652, device='cuda:0'), 'acc_test:', 0.65)
2024-12-10 06:49:08,755 - INFO - ('epoch:', 200, 'acc_train:', 0.88125, 'loss_train:', 0.26717254519462585, 'acc_val', 0.75, 'loss_val:', tensor(1.8927, device='cuda:0'), 'acc_test:', 0.7)
2024-12-10 06:49:08,756 - INFO - [1 1 0 ... 1 0 0]
2024-12-10 06:49:08,756 - INFO - [0 0 0 ... 0 0 0]
2024-12-10 06:49:08,760 - INFO - Processing fold 2/10
2024-12-10 06:49:13,528 - INFO - ('epoch:', 10, 'acc_train:', 0.66875, 'loss_train:', 0.8546584993600845, 'acc_val', 0.8, 'loss_val:', tensor(0.6764, device='cuda:0'), 'acc_test:', 0.85)
2024-12-10 06:49:18,251 - INFO - ('epoch:', 20, 'acc_train:', 0.7125, 'loss_train:', 0.6735514402389526, 'acc_val', 0.65, 'loss_val:', tensor(0.7707, device='cuda:0'), 'acc_test:', 0.85)
2024-12-10 06:49:22,973 - INFO - ('epoch:', 30, 'acc_train:', 0.81875, 'loss_train:', 0.47652532160282135, 'acc_val', 0.65, 'loss_val:', tensor(0.7725, device='cuda:0'), 'acc_test:', 0.85)
2024-12-10 06:49:27,730 - INFO - ('epoch:', 40, 'acc_train:', 0.81875, 'loss_train:', 0.4422856867313385, 'acc_val', 0.7, 'loss_val:', tensor(0.7761, device='cuda:0'), 'acc_test:', 0.85)
2024-12-10 06:49:32,451 - INFO - ('epoch:', 50, 'acc_train:', 0.8625, 'loss_train:', 0.31961330585181713, 'acc_val', 0.7, 'loss_val:', tensor(0.8305, device='cuda:0'), 'acc_test:', 0.85)
2024-12-10 06:49:37,179 - INFO - ('epoch:', 60, 'acc_train:', 0.86875, 'loss_train:', 0.3144402988255024, 'acc_val', 0.65, 'loss_val:', tensor(0.7977, device='cuda:0'), 'acc_test:', 0.85)
2024-12-10 06:49:41,911 - INFO - ('epoch:', 70, 'acc_train:', 0.88125, 'loss_train:', 0.28858162462711334, 'acc_val', 0.65, 'loss_val:', tensor(0.8987, device='cuda:0'), 'acc_test:', 0.85)
2024-12-10 06:49:46,656 - INFO - ('epoch:', 80, 'acc_train:', 0.875, 'loss_train:', 0.2795235142111778, 'acc_val', 0.65, 'loss_val:', tensor(0.9631, device='cuda:0'), 'acc_test:', 0.85)
2024-12-10 06:49:51,379 - INFO - ('epoch:', 90, 'acc_train:', 0.89375, 'loss_train:', 0.2274137083441019, 'acc_val', 0.65, 'loss_val:', tensor(1.0446, device='cuda:0'), 'acc_test:', 0.85)
2024-12-10 06:49:56,104 - INFO - ('epoch:', 100, 'acc_train:', 0.89375, 'loss_train:', 0.2908933814615011, 'acc_val', 0.65, 'loss_val:', tensor(0.9682, device='cuda:0'), 'acc_test:', 0.85)
2024-12-10 06:50:00,859 - INFO - ('epoch:', 110, 'acc_train:', 0.86875, 'loss_train:', 0.27036362141370773, 'acc_val', 0.65, 'loss_val:', tensor(1.0307, device='cuda:0'), 'acc_test:', 0.85)
2024-12-10 06:50:05,580 - INFO - ('epoch:', 120, 'acc_train:', 0.86875, 'loss_train:', 0.31418178603053093, 'acc_val', 0.65, 'loss_val:', tensor(0.9978, device='cuda:0'), 'acc_test:', 0.85)
2024-12-10 06:50:10,300 - INFO - ('epoch:', 130, 'acc_train:', 0.88125, 'loss_train:', 0.2743554413318634, 'acc_val', 0.65, 'loss_val:', tensor(1.0307, device='cuda:0'), 'acc_test:', 0.85)
2024-12-10 06:50:15,043 - INFO - ('epoch:', 140, 'acc_train:', 0.90625, 'loss_train:', 0.24215764366090298, 'acc_val', 0.65, 'loss_val:', tensor(1.0847, device='cuda:0'), 'acc_test:', 0.85)
2024-12-10 06:50:19,768 - INFO - ('epoch:', 150, 'acc_train:', 0.88125, 'loss_train:', 0.2610437050461769, 'acc_val', 0.65, 'loss_val:', tensor(1.1892, device='cuda:0'), 'acc_test:', 0.85)
2024-12-10 06:50:24,492 - INFO - ('epoch:', 160, 'acc_train:', 0.9125, 'loss_train:', 0.2429224345833063, 'acc_val', 0.65, 'loss_val:', tensor(1.2130, device='cuda:0'), 'acc_test:', 0.85)
2024-12-10 06:50:29,237 - INFO - ('epoch:', 170, 'acc_train:', 0.88125, 'loss_train:', 0.3163127265870571, 'acc_val', 0.65, 'loss_val:', tensor(1.2363, device='cuda:0'), 'acc_test:', 0.85)
2024-12-10 06:50:33,959 - INFO - ('epoch:', 180, 'acc_train:', 0.9, 'loss_train:', 0.2563971057534218, 'acc_val', 0.65, 'loss_val:', tensor(1.2860, device='cuda:0'), 'acc_test:', 0.85)
2024-12-10 06:50:38,691 - INFO - ('epoch:', 190, 'acc_train:', 0.88125, 'loss_train:', 0.23916086181998253, 'acc_val', 0.65, 'loss_val:', tensor(1.3072, device='cuda:0'), 'acc_test:', 0.85)
2024-12-10 06:50:43,433 - INFO - ('epoch:', 200, 'acc_train:', 0.88125, 'loss_train:', 0.26690606214106083, 'acc_val', 0.65, 'loss_val:', tensor(1.3500, device='cuda:0'), 'acc_test:', 0.85)
2024-12-10 06:50:43,434 - INFO - [1 1 1 ... 0 0 0]
2024-12-10 06:50:43,434 - INFO - [1 1 0 ... 0 0 0]
2024-12-10 06:50:43,437 - INFO - Processing fold 3/10
2024-12-10 06:50:48,172 - INFO - ('epoch:', 10, 'acc_train:', 0.7, 'loss_train:', 0.7835608944296837, 'acc_val', 0.85, 'loss_val:', tensor(0.5142, device='cuda:0'), 'acc_test:', 0.8)
2024-12-10 06:50:52,895 - INFO - ('epoch:', 20, 'acc_train:', 0.76875, 'loss_train:', 0.6472078561782837, 'acc_val', 0.85, 'loss_val:', tensor(0.3871, device='cuda:0'), 'acc_test:', 0.85)
2024-12-10 06:50:57,638 - INFO - ('epoch:', 30, 'acc_train:', 0.85625, 'loss_train:', 0.38062534481287, 'acc_val', 0.85, 'loss_val:', tensor(0.3407, device='cuda:0'), 'acc_test:', 0.9)
2024-12-10 06:51:02,251 - INFO - ('epoch:', 40, 'acc_train:', 0.8, 'loss_train:', 0.4810994677245617, 'acc_val', 0.85, 'loss_val:', tensor(0.3285, device='cuda:0'), 'acc_test:', 0.9)
2024-12-10 06:51:06,911 - INFO - ('epoch:', 50, 'acc_train:', 0.84375, 'loss_train:', 0.38896045461297035, 'acc_val', 0.85, 'loss_val:', tensor(0.3232, device='cuda:0'), 'acc_test:', 0.85)
2024-12-10 06:51:11,655 - INFO - ('epoch:', 60, 'acc_train:', 0.84375, 'loss_train:', 0.3543727174401283, 'acc_val', 0.8, 'loss_val:', tensor(0.3293, device='cuda:0'), 'acc_test:', 0.9)
2024-12-10 06:51:16,348 - INFO - ('epoch:', 70, 'acc_train:', 0.875, 'loss_train:', 0.28645031340420246, 'acc_val', 0.85, 'loss_val:', tensor(0.3162, device='cuda:0'), 'acc_test:', 0.9)
2024-12-10 06:51:21,067 - INFO - ('epoch:', 80, 'acc_train:', 0.83125, 'loss_train:', 0.31245948374271393, 'acc_val', 0.8, 'loss_val:', tensor(0.3238, device='cuda:0'), 'acc_test:', 0.9)
2024-12-10 06:51:25,843 - INFO - ('epoch:', 90, 'acc_train:', 0.85, 'loss_train:', 0.3127196431159973, 'acc_val', 0.85, 'loss_val:', tensor(0.3139, device='cuda:0'), 'acc_test:', 0.9)
2024-12-10 06:51:30,603 - INFO - ('epoch:', 100, 'acc_train:', 0.86875, 'loss_train:', 0.3064259886741638, 'acc_val', 0.8, 'loss_val:', tensor(0.3323, device='cuda:0'), 'acc_test:', 0.9)
2024-12-10 06:51:35,356 - INFO - ('epoch:', 110, 'acc_train:', 0.88125, 'loss_train:', 0.272803733125329, 'acc_val', 0.85, 'loss_val:', tensor(0.3240, device='cuda:0'), 'acc_test:', 0.9)
2024-12-10 06:51:40,127 - INFO - ('epoch:', 120, 'acc_train:', 0.85625, 'loss_train:', 0.2980423793196678, 'acc_val', 0.85, 'loss_val:', tensor(0.3275, device='cuda:0'), 'acc_test:', 0.9)
2024-12-10 06:51:44,894 - INFO - ('epoch:', 130, 'acc_train:', 0.8875, 'loss_train:', 0.2843627892434597, 'acc_val', 0.85, 'loss_val:', tensor(0.3292, device='cuda:0'), 'acc_test:', 0.9)
2024-12-10 06:51:49,647 - INFO - ('epoch:', 140, 'acc_train:', 0.8875, 'loss_train:', 0.2728865183889866, 'acc_val', 0.85, 'loss_val:', tensor(0.3348, device='cuda:0'), 'acc_test:', 0.9)
2024-12-10 06:51:54,394 - INFO - ('epoch:', 150, 'acc_train:', 0.90625, 'loss_train:', 0.24464845098555088, 'acc_val', 0.85, 'loss_val:', tensor(0.3304, device='cuda:0'), 'acc_test:', 0.85)
2024-12-10 06:51:59,158 - INFO - ('epoch:', 160, 'acc_train:', 0.88125, 'loss_train:', 0.2803683541715145, 'acc_val', 0.85, 'loss_val:', tensor(0.3331, device='cuda:0'), 'acc_test:', 0.9)
2024-12-10 06:52:03,907 - INFO - ('epoch:', 170, 'acc_train:', 0.875, 'loss_train:', 0.31497452035546303, 'acc_val', 0.85, 'loss_val:', tensor(0.3378, device='cuda:0'), 'acc_test:', 0.9)
2024-12-10 06:52:08,661 - INFO - ('epoch:', 180, 'acc_train:', 0.85625, 'loss_train:', 0.29600758105516434, 'acc_val', 0.85, 'loss_val:', tensor(0.3451, device='cuda:0'), 'acc_test:', 0.9)
2024-12-10 06:52:13,450 - INFO - ('epoch:', 190, 'acc_train:', 0.8625, 'loss_train:', 0.3307737931609154, 'acc_val', 0.8, 'loss_val:', tensor(0.3556, device='cuda:0'), 'acc_test:', 0.9)
2024-12-10 06:52:18,204 - INFO - ('epoch:', 200, 'acc_train:', 0.8625, 'loss_train:', 0.27566404454410076, 'acc_val', 0.85, 'loss_val:', tensor(0.3517, device='cuda:0'), 'acc_test:', 0.9)
2024-12-10 06:52:18,204 - INFO - [1 1 1 ... 1 0 0]
2024-12-10 06:52:18,204 - INFO - [0 0 0 ... 0 0 0]
2024-12-10 06:52:18,209 - INFO - Processing fold 4/10
2024-12-10 06:52:22,974 - INFO - ('epoch:', 10, 'acc_train:', 0.65625, 'loss_train:', 0.8260904550552368, 'acc_val', 0.8, 'loss_val:', tensor(0.5042, device='cuda:0'), 'acc_test:', 0.9)
2024-12-10 06:52:27,747 - INFO - ('epoch:', 20, 'acc_train:', 0.74375, 'loss_train:', 0.6922143250703812, 'acc_val', 0.85, 'loss_val:', tensor(0.3985, device='cuda:0'), 'acc_test:', 0.95)
2024-12-10 06:52:32,504 - INFO - ('epoch:', 30, 'acc_train:', 0.825, 'loss_train:', 0.46275341138243675, 'acc_val', 0.9, 'loss_val:', tensor(0.4306, device='cuda:0'), 'acc_test:', 0.9)
2024-12-10 06:52:37,258 - INFO - ('epoch:', 40, 'acc_train:', 0.825, 'loss_train:', 0.39230500161647797, 'acc_val', 0.9, 'loss_val:', tensor(0.4070, device='cuda:0'), 'acc_test:', 0.85)
2024-12-10 06:52:42,029 - INFO - ('epoch:', 50, 'acc_train:', 0.81875, 'loss_train:', 0.382037628442049, 'acc_val', 0.85, 'loss_val:', tensor(0.4611, device='cuda:0'), 'acc_test:', 0.85)
2024-12-10 06:52:46,784 - INFO - ('epoch:', 60, 'acc_train:', 0.81875, 'loss_train:', 0.43018918111920357, 'acc_val', 0.9, 'loss_val:', tensor(0.4315, device='cuda:0'), 'acc_test:', 0.85)
2024-12-10 06:52:51,513 - INFO - ('epoch:', 70, 'acc_train:', 0.8375, 'loss_train:', 0.4015536680817604, 'acc_val', 0.9, 'loss_val:', tensor(0.4566, device='cuda:0'), 'acc_test:', 0.95)
2024-12-10 06:52:56,288 - INFO - ('epoch:', 80, 'acc_train:', 0.84375, 'loss_train:', 0.3403360955417156, 'acc_val', 0.85, 'loss_val:', tensor(0.4531, device='cuda:0'), 'acc_test:', 0.85)
2024-12-10 06:53:01,061 - INFO - ('epoch:', 90, 'acc_train:', 0.85, 'loss_train:', 0.3398832194507122, 'acc_val', 0.9, 'loss_val:', tensor(0.4804, device='cuda:0'), 'acc_test:', 0.9)
2024-12-10 06:53:05,808 - INFO - ('epoch:', 100, 'acc_train:', 0.9, 'loss_train:', 0.27284834533929825, 'acc_val', 0.9, 'loss_val:', tensor(0.4844, device='cuda:0'), 'acc_test:', 0.95)
2024-12-10 06:53:10,575 - INFO - ('epoch:', 110, 'acc_train:', 0.85625, 'loss_train:', 0.3001044150441885, 'acc_val', 0.85, 'loss_val:', tensor(0.5157, device='cuda:0'), 'acc_test:', 0.95)
2024-12-10 06:53:15,330 - INFO - ('epoch:', 120, 'acc_train:', 0.85625, 'loss_train:', 0.3017021492123604, 'acc_val', 0.9, 'loss_val:', tensor(0.4543, device='cuda:0'), 'acc_test:', 0.95)
2024-12-10 06:53:20,078 - INFO - ('epoch:', 130, 'acc_train:', 0.89375, 'loss_train:', 0.2781411223113537, 'acc_val', 0.9, 'loss_val:', tensor(0.4828, device='cuda:0'), 'acc_test:', 0.95)
2024-12-10 06:53:24,854 - INFO - ('epoch:', 140, 'acc_train:', 0.8625, 'loss_train:', 0.2988264262676239, 'acc_val', 0.85, 'loss_val:', tensor(0.4869, device='cuda:0'), 'acc_test:', 0.95)
2024-12-10 06:53:29,626 - INFO - ('epoch:', 150, 'acc_train:', 0.85, 'loss_train:', 0.2950482964515686, 'acc_val', 0.9, 'loss_val:', tensor(0.4653, device='cuda:0'), 'acc_test:', 0.95)
2024-12-10 06:53:34,398 - INFO - ('epoch:', 160, 'acc_train:', 0.8375, 'loss_train:', 0.3841804452240467, 'acc_val', 0.9, 'loss_val:', tensor(0.4697, device='cuda:0'), 'acc_test:', 0.95)
2024-12-10 06:53:39,199 - INFO - ('epoch:', 170, 'acc_train:', 0.85625, 'loss_train:', 0.28576913848519325, 'acc_val', 0.85, 'loss_val:', tensor(0.4457, device='cuda:0'), 'acc_test:', 0.95)
2024-12-10 06:53:43,930 - INFO - ('epoch:', 180, 'acc_train:', 0.89375, 'loss_train:', 0.2964974567294121, 'acc_val', 0.9, 'loss_val:', tensor(0.4669, device='cuda:0'), 'acc_test:', 0.95)
2024-12-10 06:53:48,689 - INFO - ('epoch:', 190, 'acc_train:', 0.9, 'loss_train:', 0.25115701742470264, 'acc_val', 0.9, 'loss_val:', tensor(0.4760, device='cuda:0'), 'acc_test:', 0.95)
2024-12-10 06:53:53,416 - INFO - ('epoch:', 200, 'acc_train:', 0.9, 'loss_train:', 0.258781298995018, 'acc_val', 0.9, 'loss_val:', tensor(0.5098, device='cuda:0'), 'acc_test:', 0.95)
2024-12-10 06:53:53,417 - INFO - [1 1 1 ... 0 0 1]
2024-12-10 06:53:53,417 - INFO - [0 0 0 ... 0 0 1]
2024-12-10 06:53:53,420 - INFO - Processing fold 5/10
2024-12-10 06:53:58,176 - INFO - ('epoch:', 10, 'acc_train:', 0.6125, 'loss_train:', 1.1793140023946762, 'acc_val', 0.9, 'loss_val:', tensor(0.4950, device='cuda:0'), 'acc_test:', 0.85)
2024-12-10 06:54:02,840 - INFO - ('epoch:', 20, 'acc_train:', 0.6625, 'loss_train:', 0.8524589985609055, 'acc_val', 0.9, 'loss_val:', tensor(0.2567, device='cuda:0'), 'acc_test:', 0.9)
2024-12-10 06:54:07,479 - INFO - ('epoch:', 30, 'acc_train:', 0.825, 'loss_train:', 0.4308670833706856, 'acc_val', 0.85, 'loss_val:', tensor(0.3149, device='cuda:0'), 'acc_test:', 0.9)
2024-12-10 06:54:12,138 - INFO - ('epoch:', 40, 'acc_train:', 0.8125, 'loss_train:', 0.43067917972803116, 'acc_val', 0.85, 'loss_val:', tensor(0.3349, device='cuda:0'), 'acc_test:', 0.9)
2024-12-10 06:54:16,784 - INFO - ('epoch:', 50, 'acc_train:', 0.83125, 'loss_train:', 0.40685873478651047, 'acc_val', 0.85, 'loss_val:', tensor(0.3096, device='cuda:0'), 'acc_test:', 0.95)
2024-12-10 06:54:21,409 - INFO - ('epoch:', 60, 'acc_train:', 0.83125, 'loss_train:', 0.39452336356043816, 'acc_val', 0.85, 'loss_val:', tensor(0.3057, device='cuda:0'), 'acc_test:', 0.95)
2024-12-10 06:54:26,070 - INFO - ('epoch:', 70, 'acc_train:', 0.85625, 'loss_train:', 0.33196428045630455, 'acc_val', 0.95, 'loss_val:', tensor(0.2835, device='cuda:0'), 'acc_test:', 0.95)
2024-12-10 06:54:30,698 - INFO - ('epoch:', 80, 'acc_train:', 0.875, 'loss_train:', 0.3023483604192734, 'acc_val', 0.9, 'loss_val:', tensor(0.2839, device='cuda:0'), 'acc_test:', 0.95)
2024-12-10 06:54:35,324 - INFO - ('epoch:', 90, 'acc_train:', 0.85, 'loss_train:', 0.27688933350145817, 'acc_val', 0.9, 'loss_val:', tensor(0.3212, device='cuda:0'), 'acc_test:', 0.85)
2024-12-10 06:54:39,984 - INFO - ('epoch:', 100, 'acc_train:', 0.85, 'loss_train:', 0.31673474982380867, 'acc_val', 0.95, 'loss_val:', tensor(0.3008, device='cuda:0'), 'acc_test:', 0.95)
2024-12-10 06:54:44,613 - INFO - ('epoch:', 110, 'acc_train:', 0.8625, 'loss_train:', 0.3361508585512638, 'acc_val', 0.9, 'loss_val:', tensor(0.2995, device='cuda:0'), 'acc_test:', 0.95)
2024-12-10 06:54:49,246 - INFO - ('epoch:', 120, 'acc_train:', 0.8375, 'loss_train:', 0.338658407330513, 'acc_val', 0.9, 'loss_val:', tensor(0.3258, device='cuda:0'), 'acc_test:', 0.95)
2024-12-10 06:54:53,899 - INFO - ('epoch:', 130, 'acc_train:', 0.875, 'loss_train:', 0.2835295759141445, 'acc_val', 0.9, 'loss_val:', tensor(0.3269, device='cuda:0'), 'acc_test:', 0.95)
2024-12-10 06:54:58,536 - INFO - ('epoch:', 140, 'acc_train:', 0.86875, 'loss_train:', 0.2763473615050316, 'acc_val', 0.9, 'loss_val:', tensor(0.3221, device='cuda:0'), 'acc_test:', 0.95)
2024-12-10 06:55:03,167 - INFO - ('epoch:', 150, 'acc_train:', 0.8375, 'loss_train:', 0.32433656603097916, 'acc_val', 0.85, 'loss_val:', tensor(0.3100, device='cuda:0'), 'acc_test:', 0.95)
2024-12-10 06:55:07,837 - INFO - ('epoch:', 160, 'acc_train:', 0.9, 'loss_train:', 0.2270899098366499, 'acc_val', 0.9, 'loss_val:', tensor(0.3135, device='cuda:0'), 'acc_test:', 0.95)
2024-12-10 06:55:12,469 - INFO - ('epoch:', 170, 'acc_train:', 0.85, 'loss_train:', 0.28659971058368683, 'acc_val', 0.9, 'loss_val:', tensor(0.3170, device='cuda:0'), 'acc_test:', 0.95)
2024-12-10 06:55:17,097 - INFO - ('epoch:', 180, 'acc_train:', 0.86875, 'loss_train:', 0.28023588098585606, 'acc_val', 0.9, 'loss_val:', tensor(0.3212, device='cuda:0'), 'acc_test:', 0.95)
2024-12-10 06:55:21,828 - INFO - ('epoch:', 190, 'acc_train:', 0.875, 'loss_train:', 0.26418614760041237, 'acc_val', 0.9, 'loss_val:', tensor(0.3287, device='cuda:0'), 'acc_test:', 0.95)
2024-12-10 06:55:26,594 - INFO - ('epoch:', 200, 'acc_train:', 0.8875, 'loss_train:', 0.2780422195792198, 'acc_val', 0.85, 'loss_val:', tensor(0.3276, device='cuda:0'), 'acc_test:', 0.95)
2024-12-10 06:55:26,595 - INFO - [0 0 1 ... 0 0 0]
2024-12-10 06:55:26,595 - INFO - [0 0 0 ... 0 0 0]
2024-12-10 06:55:26,598 - INFO - Processing fold 6/10
2024-12-10 06:55:31,330 - INFO - ('epoch:', 10, 'acc_train:', 0.60625, 'loss_train:', 1.2677969932556152, 'acc_val', 0.85, 'loss_val:', tensor(0.4459, device='cuda:0'), 'acc_test:', 0.6)
2024-12-10 06:55:35,989 - INFO - ('epoch:', 20, 'acc_train:', 0.775, 'loss_train:', 0.5014636404812336, 'acc_val', 0.9, 'loss_val:', tensor(0.2673, device='cuda:0'), 'acc_test:', 0.5)
2024-12-10 06:55:40,628 - INFO - ('epoch:', 30, 'acc_train:', 0.83125, 'loss_train:', 0.48400619253516197, 'acc_val', 0.9, 'loss_val:', tensor(0.2394, device='cuda:0'), 'acc_test:', 0.75)
2024-12-10 06:55:45,259 - INFO - ('epoch:', 40, 'acc_train:', 0.825, 'loss_train:', 0.3903897553682327, 'acc_val', 0.9, 'loss_val:', tensor(0.2481, device='cuda:0'), 'acc_test:', 0.7)
2024-12-10 06:55:49,967 - INFO - ('epoch:', 50, 'acc_train:', 0.83125, 'loss_train:', 0.4146829918026924, 'acc_val', 0.9, 'loss_val:', tensor(0.2562, device='cuda:0'), 'acc_test:', 0.8)
2024-12-10 06:55:54,592 - INFO - ('epoch:', 60, 'acc_train:', 0.8625, 'loss_train:', 0.39641349762678146, 'acc_val', 0.9, 'loss_val:', tensor(0.2499, device='cuda:0'), 'acc_test:', 0.8)
2024-12-10 06:55:59,226 - INFO - ('epoch:', 70, 'acc_train:', 0.86875, 'loss_train:', 0.33147918432950974, 'acc_val', 0.85, 'loss_val:', tensor(0.2606, device='cuda:0'), 'acc_test:', 0.8)
2024-12-10 06:56:03,888 - INFO - ('epoch:', 80, 'acc_train:', 0.8625, 'loss_train:', 0.34840744361281395, 'acc_val', 0.85, 'loss_val:', tensor(0.2607, device='cuda:0'), 'acc_test:', 0.8)
2024-12-10 06:56:08,522 - INFO - ('epoch:', 90, 'acc_train:', 0.875, 'loss_train:', 0.32028498128056526, 'acc_val', 0.9, 'loss_val:', tensor(0.2520, device='cuda:0'), 'acc_test:', 0.8)
2024-12-10 06:56:13,157 - INFO - ('epoch:', 100, 'acc_train:', 0.8625, 'loss_train:', 0.3280580397695303, 'acc_val', 0.85, 'loss_val:', tensor(0.2662, device='cuda:0'), 'acc_test:', 0.8)
2024-12-10 06:56:17,813 - INFO - ('epoch:', 110, 'acc_train:', 0.88125, 'loss_train:', 0.3180975243449211, 'acc_val', 0.85, 'loss_val:', tensor(0.2611, device='cuda:0'), 'acc_test:', 0.8)
2024-12-10 06:56:22,447 - INFO - ('epoch:', 120, 'acc_train:', 0.9, 'loss_train:', 0.28765735775232315, 'acc_val', 0.85, 'loss_val:', tensor(0.2580, device='cuda:0'), 'acc_test:', 0.8)
2024-12-10 06:56:27,087 - INFO - ('epoch:', 130, 'acc_train:', 0.89375, 'loss_train:', 0.3134213872253895, 'acc_val', 0.85, 'loss_val:', tensor(0.2585, device='cuda:0'), 'acc_test:', 0.8)
2024-12-10 06:56:31,758 - INFO - ('epoch:', 140, 'acc_train:', 0.8625, 'loss_train:', 0.3328431658446789, 'acc_val', 0.85, 'loss_val:', tensor(0.2692, device='cuda:0'), 'acc_test:', 0.8)
2024-12-10 06:56:36,395 - INFO - ('epoch:', 150, 'acc_train:', 0.8625, 'loss_train:', 0.3245685361325741, 'acc_val', 0.85, 'loss_val:', tensor(0.2676, device='cuda:0'), 'acc_test:', 0.8)
2024-12-10 06:56:41,031 - INFO - ('epoch:', 160, 'acc_train:', 0.88125, 'loss_train:', 0.2794680930674076, 'acc_val', 0.85, 'loss_val:', tensor(0.2562, device='cuda:0'), 'acc_test:', 0.75)
2024-12-10 06:56:45,658 - INFO - ('epoch:', 170, 'acc_train:', 0.88125, 'loss_train:', 0.27745386585593224, 'acc_val', 0.85, 'loss_val:', tensor(0.2639, device='cuda:0'), 'acc_test:', 0.8)
2024-12-10 06:56:50,316 - INFO - ('epoch:', 180, 'acc_train:', 0.89375, 'loss_train:', 0.30991969630122185, 'acc_val', 0.85, 'loss_val:', tensor(0.2637, device='cuda:0'), 'acc_test:', 0.8)
2024-12-10 06:56:54,948 - INFO - ('epoch:', 190, 'acc_train:', 0.8875, 'loss_train:', 0.251759672537446, 'acc_val', 0.85, 'loss_val:', tensor(0.2581, device='cuda:0'), 'acc_test:', 0.8)
2024-12-10 06:56:59,580 - INFO - ('epoch:', 200, 'acc_train:', 0.86875, 'loss_train:', 0.31118257716298103, 'acc_val', 0.9, 'loss_val:', tensor(0.2607, device='cuda:0'), 'acc_test:', 0.8)
2024-12-10 06:56:59,580 - INFO - [1 0 1 ... 0 1 0]
2024-12-10 06:56:59,580 - INFO - [1 0 1 ... 0 1 0]
2024-12-10 06:56:59,584 - INFO - Processing fold 7/10
2024-12-10 06:57:04,240 - INFO - ('epoch:', 10, 'acc_train:', 0.68125, 'loss_train:', 0.9975615069270134, 'acc_val', 0.65, 'loss_val:', tensor(0.9830, device='cuda:0'), 'acc_test:', 0.65)
2024-12-10 06:57:08,824 - INFO - ('epoch:', 20, 'acc_train:', 0.74375, 'loss_train:', 0.6161236613988876, 'acc_val', 0.55, 'loss_val:', tensor(1.0733, device='cuda:0'), 'acc_test:', 0.85)
2024-12-10 06:57:13,412 - INFO - ('epoch:', 30, 'acc_train:', 0.8125, 'loss_train:', 0.43523913994431496, 'acc_val', 0.65, 'loss_val:', tensor(0.9709, device='cuda:0'), 'acc_test:', 0.9)
2024-12-10 06:57:18,023 - INFO - ('epoch:', 40, 'acc_train:', 0.8375, 'loss_train:', 0.369892455637455, 'acc_val', 0.6, 'loss_val:', tensor(0.9411, device='cuda:0'), 'acc_test:', 0.9)
2024-12-10 06:57:22,614 - INFO - ('epoch:', 50, 'acc_train:', 0.825, 'loss_train:', 0.38169753924012184, 'acc_val', 0.65, 'loss_val:', tensor(0.7362, device='cuda:0'), 'acc_test:', 0.9)
2024-12-10 06:57:27,200 - INFO - ('epoch:', 60, 'acc_train:', 0.8375, 'loss_train:', 0.355448842048645, 'acc_val', 0.75, 'loss_val:', tensor(0.6824, device='cuda:0'), 'acc_test:', 0.9)
2024-12-10 06:57:31,818 - INFO - ('epoch:', 70, 'acc_train:', 0.8875, 'loss_train:', 0.3179332874715328, 'acc_val', 0.75, 'loss_val:', tensor(0.7198, device='cuda:0'), 'acc_test:', 0.9)
2024-12-10 06:57:36,432 - INFO - ('epoch:', 80, 'acc_train:', 0.8625, 'loss_train:', 0.3163086771965027, 'acc_val', 0.8, 'loss_val:', tensor(0.6712, device='cuda:0'), 'acc_test:', 0.9)
2024-12-10 06:57:41,031 - INFO - ('epoch:', 90, 'acc_train:', 0.89375, 'loss_train:', 0.3087678551673889, 'acc_val', 0.7, 'loss_val:', tensor(0.7846, device='cuda:0'), 'acc_test:', 0.9)
2024-12-10 06:57:45,655 - INFO - ('epoch:', 100, 'acc_train:', 0.8875, 'loss_train:', 0.2664101403206587, 'acc_val', 0.75, 'loss_val:', tensor(0.7518, device='cuda:0'), 'acc_test:', 0.9)
2024-12-10 06:57:50,238 - INFO - ('epoch:', 110, 'acc_train:', 0.89375, 'loss_train:', 0.3055223263800144, 'acc_val', 0.7, 'loss_val:', tensor(0.8069, device='cuda:0'), 'acc_test:', 0.9)
2024-12-10 06:57:54,828 - INFO - ('epoch:', 120, 'acc_train:', 0.875, 'loss_train:', 0.2777642495930195, 'acc_val', 0.75, 'loss_val:', tensor(0.7610, device='cuda:0'), 'acc_test:', 0.9)
2024-12-10 06:57:59,413 - INFO - ('epoch:', 130, 'acc_train:', 0.8875, 'loss_train:', 0.2746831402182579, 'acc_val', 0.75, 'loss_val:', tensor(0.8419, device='cuda:0'), 'acc_test:', 0.9)
2024-12-10 06:58:04,032 - INFO - ('epoch:', 140, 'acc_train:', 0.9, 'loss_train:', 0.2852522600442171, 'acc_val', 0.7, 'loss_val:', tensor(0.8171, device='cuda:0'), 'acc_test:', 0.9)
2024-12-10 06:58:08,615 - INFO - ('epoch:', 150, 'acc_train:', 0.9, 'loss_train:', 0.26301474310457706, 'acc_val', 0.7, 'loss_val:', tensor(0.9188, device='cuda:0'), 'acc_test:', 0.9)
2024-12-10 06:58:13,197 - INFO - ('epoch:', 160, 'acc_train:', 0.8875, 'loss_train:', 0.2756756693124771, 'acc_val', 0.7, 'loss_val:', tensor(0.8971, device='cuda:0'), 'acc_test:', 0.9)
2024-12-10 06:58:17,816 - INFO - ('epoch:', 170, 'acc_train:', 0.875, 'loss_train:', 0.2825031913816929, 'acc_val', 0.75, 'loss_val:', tensor(0.8357, device='cuda:0'), 'acc_test:', 0.9)
2024-12-10 06:58:22,402 - INFO - ('epoch:', 180, 'acc_train:', 0.9, 'loss_train:', 0.244134820997715, 'acc_val', 0.7, 'loss_val:', tensor(0.9704, device='cuda:0'), 'acc_test:', 0.9)
2024-12-10 06:58:27,003 - INFO - ('epoch:', 190, 'acc_train:', 0.9, 'loss_train:', 0.23962243273854256, 'acc_val', 0.75, 'loss_val:', tensor(0.9366, device='cuda:0'), 'acc_test:', 0.9)
2024-12-10 06:58:31,618 - INFO - ('epoch:', 200, 'acc_train:', 0.9, 'loss_train:', 0.24963857978582382, 'acc_val', 0.7, 'loss_val:', tensor(0.9835, device='cuda:0'), 'acc_test:', 0.9)
2024-12-10 06:58:31,619 - INFO - [1 1 1 ... 0 0 0]
2024-12-10 06:58:31,619 - INFO - [1 0 0 ... 0 0 0]
2024-12-10 06:58:31,623 - INFO - Processing fold 8/10
2024-12-10 06:58:36,226 - INFO - ('epoch:', 10, 'acc_train:', 0.625, 'loss_train:', 0.8649534210562706, 'acc_val', 0.8, 'loss_val:', tensor(0.8483, device='cuda:0'), 'acc_test:', 1.0)
2024-12-10 06:58:40,807 - INFO - ('epoch:', 20, 'acc_train:', 0.70625, 'loss_train:', 0.8497178256511688, 'acc_val', 0.85, 'loss_val:', tensor(0.9065, device='cuda:0'), 'acc_test:', 0.95)
2024-12-10 06:58:45,427 - INFO - ('epoch:', 30, 'acc_train:', 0.7375, 'loss_train:', 0.6110431104898453, 'acc_val', 0.9, 'loss_val:', tensor(0.6251, device='cuda:0'), 'acc_test:', 0.9)
2024-12-10 06:58:50,009 - INFO - ('epoch:', 40, 'acc_train:', 0.825, 'loss_train:', 0.44720325618982315, 'acc_val', 0.9, 'loss_val:', tensor(0.5237, device='cuda:0'), 'acc_test:', 0.9)
2024-12-10 06:58:54,594 - INFO - ('epoch:', 50, 'acc_train:', 0.8, 'loss_train:', 0.39609460160136223, 'acc_val', 0.9, 'loss_val:', tensor(0.4486, device='cuda:0'), 'acc_test:', 0.9)
2024-12-10 06:58:59,331 - INFO - ('epoch:', 60, 'acc_train:', 0.8625, 'loss_train:', 0.3304075784981251, 'acc_val', 0.9, 'loss_val:', tensor(0.4467, device='cuda:0'), 'acc_test:', 0.9)
2024-12-10 06:59:04,094 - INFO - ('epoch:', 70, 'acc_train:', 0.825, 'loss_train:', 0.41939206793904305, 'acc_val', 0.9, 'loss_val:', tensor(0.7655, device='cuda:0'), 'acc_test:', 0.9)
2024-12-10 06:59:08,857 - INFO - ('epoch:', 80, 'acc_train:', 0.84375, 'loss_train:', 0.33870261162519455, 'acc_val', 0.9, 'loss_val:', tensor(0.3721, device='cuda:0'), 'acc_test:', 0.85)
2024-12-10 06:59:13,637 - INFO - ('epoch:', 90, 'acc_train:', 0.85625, 'loss_train:', 0.3513101227581501, 'acc_val', 0.9, 'loss_val:', tensor(0.8613, device='cuda:0'), 'acc_test:', 0.85)
2024-12-10 06:59:18,396 - INFO - ('epoch:', 100, 'acc_train:', 0.85, 'loss_train:', 0.3443196341395378, 'acc_val', 0.9, 'loss_val:', tensor(0.5969, device='cuda:0'), 'acc_test:', 0.9)
2024-12-10 06:59:23,157 - INFO - ('epoch:', 110, 'acc_train:', 0.86875, 'loss_train:', 0.34181245043873787, 'acc_val', 0.9, 'loss_val:', tensor(0.9782, device='cuda:0'), 'acc_test:', 0.9)
2024-12-10 06:59:27,938 - INFO - ('epoch:', 120, 'acc_train:', 0.8625, 'loss_train:', 0.3547172322869301, 'acc_val', 0.9, 'loss_val:', tensor(0.7384, device='cuda:0'), 'acc_test:', 0.9)
2024-12-10 06:59:32,701 - INFO - ('epoch:', 130, 'acc_train:', 0.84375, 'loss_train:', 0.33860375732183456, 'acc_val', 0.9, 'loss_val:', tensor(0.6611, device='cuda:0'), 'acc_test:', 0.9)
2024-12-10 06:59:37,462 - INFO - ('epoch:', 140, 'acc_train:', 0.88125, 'loss_train:', 0.29711373522877693, 'acc_val', 0.9, 'loss_val:', tensor(0.7876, device='cuda:0'), 'acc_test:', 0.9)
2024-12-10 06:59:42,221 - INFO - ('epoch:', 150, 'acc_train:', 0.89375, 'loss_train:', 0.26754140481352806, 'acc_val', 0.9, 'loss_val:', tensor(0.8670, device='cuda:0'), 'acc_test:', 0.9)
2024-12-10 06:59:47,000 - INFO - ('epoch:', 160, 'acc_train:', 0.88125, 'loss_train:', 0.28087176010012627, 'acc_val', 0.9, 'loss_val:', tensor(0.8240, device='cuda:0'), 'acc_test:', 0.9)
2024-12-10 06:59:51,766 - INFO - ('epoch:', 170, 'acc_train:', 0.8625, 'loss_train:', 0.31833581253886223, 'acc_val', 0.9, 'loss_val:', tensor(0.8071, device='cuda:0'), 'acc_test:', 0.9)
2024-12-10 06:59:56,528 - INFO - ('epoch:', 180, 'acc_train:', 0.875, 'loss_train:', 0.2720474563539028, 'acc_val', 0.9, 'loss_val:', tensor(0.9334, device='cuda:0'), 'acc_test:', 0.9)
2024-12-10 07:00:01,311 - INFO - ('epoch:', 190, 'acc_train:', 0.86875, 'loss_train:', 0.26750207506120205, 'acc_val', 0.9, 'loss_val:', tensor(0.6669, device='cuda:0'), 'acc_test:', 0.9)
2024-12-10 07:00:06,075 - INFO - ('epoch:', 200, 'acc_train:', 0.85, 'loss_train:', 0.29933273047208786, 'acc_val', 0.9, 'loss_val:', tensor(0.7929, device='cuda:0'), 'acc_test:', 0.85)
2024-12-10 07:00:06,076 - INFO - [0 0 1 ... 1 0 0]
2024-12-10 07:00:06,076 - INFO - [1 0 0 ... 1 0 0]
2024-12-10 07:00:06,079 - INFO - Processing fold 9/10
2024-12-10 07:00:10,853 - INFO - ('epoch:', 10, 'acc_train:', 0.63125, 'loss_train:', 1.2479255348443985, 'acc_val', 0.85, 'loss_val:', tensor(0.4653, device='cuda:0'), 'acc_test:', 0.8)
2024-12-10 07:00:15,630 - INFO - ('epoch:', 20, 'acc_train:', 0.7125, 'loss_train:', 0.7787797451019287, 'acc_val', 0.9, 'loss_val:', tensor(0.2561, device='cuda:0'), 'acc_test:', 0.85)
2024-12-10 07:00:20,390 - INFO - ('epoch:', 30, 'acc_train:', 0.8125, 'loss_train:', 0.5360101275146008, 'acc_val', 0.9, 'loss_val:', tensor(0.2792, device='cuda:0'), 'acc_test:', 0.85)
2024-12-10 07:00:25,147 - INFO - ('epoch:', 40, 'acc_train:', 0.8, 'loss_train:', 0.40828633680939674, 'acc_val', 0.85, 'loss_val:', tensor(0.3277, device='cuda:0'), 'acc_test:', 0.85)
2024-12-10 07:00:29,922 - INFO - ('epoch:', 50, 'acc_train:', 0.85, 'loss_train:', 0.4296211563050747, 'acc_val', 0.85, 'loss_val:', tensor(0.3026, device='cuda:0'), 'acc_test:', 0.85)
2024-12-10 07:00:34,679 - INFO - ('epoch:', 60, 'acc_train:', 0.825, 'loss_train:', 0.40900246798992157, 'acc_val', 0.85, 'loss_val:', tensor(0.3033, device='cuda:0'), 'acc_test:', 0.85)
2024-12-10 07:00:39,439 - INFO - ('epoch:', 70, 'acc_train:', 0.85, 'loss_train:', 0.390507809817791, 'acc_val', 0.85, 'loss_val:', tensor(0.3234, device='cuda:0'), 'acc_test:', 0.85)
2024-12-10 07:00:44,208 - INFO - ('epoch:', 80, 'acc_train:', 0.86875, 'loss_train:', 0.3380235694348812, 'acc_val', 0.85, 'loss_val:', tensor(0.3235, device='cuda:0'), 'acc_test:', 0.85)
2024-12-10 07:00:48,953 - INFO - ('epoch:', 90, 'acc_train:', 0.8125, 'loss_train:', 0.3687356822192669, 'acc_val', 0.85, 'loss_val:', tensor(0.3327, device='cuda:0'), 'acc_test:', 0.85)
2024-12-10 07:00:53,706 - INFO - ('epoch:', 100, 'acc_train:', 0.8625, 'loss_train:', 0.3222237266600132, 'acc_val', 0.9, 'loss_val:', tensor(0.2854, device='cuda:0'), 'acc_test:', 0.95)
2024-12-10 07:00:58,456 - INFO - ('epoch:', 110, 'acc_train:', 0.875, 'loss_train:', 0.31252259761095047, 'acc_val', 0.85, 'loss_val:', tensor(0.3259, device='cuda:0'), 'acc_test:', 0.9)
2024-12-10 07:01:03,230 - INFO - ('epoch:', 120, 'acc_train:', 0.8375, 'loss_train:', 0.31863027811050415, 'acc_val', 0.85, 'loss_val:', tensor(0.3127, device='cuda:0'), 'acc_test:', 0.95)
2024-12-10 07:01:07,983 - INFO - ('epoch:', 130, 'acc_train:', 0.8375, 'loss_train:', 0.341846339404583, 'acc_val', 0.85, 'loss_val:', tensor(0.3162, device='cuda:0'), 'acc_test:', 0.9)
2024-12-10 07:01:12,737 - INFO - ('epoch:', 140, 'acc_train:', 0.85, 'loss_train:', 0.31362512707710266, 'acc_val', 0.85, 'loss_val:', tensor(0.3270, device='cuda:0'), 'acc_test:', 0.9)
2024-12-10 07:01:17,506 - INFO - ('epoch:', 150, 'acc_train:', 0.8875, 'loss_train:', 0.29050376638770103, 'acc_val', 0.85, 'loss_val:', tensor(0.3326, device='cuda:0'), 'acc_test:', 0.9)
2024-12-10 07:01:22,259 - INFO - ('epoch:', 160, 'acc_train:', 0.84375, 'loss_train:', 0.3251917064189911, 'acc_val', 0.85, 'loss_val:', tensor(0.3334, device='cuda:0'), 'acc_test:', 0.9)
2024-12-10 07:01:27,015 - INFO - ('epoch:', 170, 'acc_train:', 0.86875, 'loss_train:', 0.2902475334703922, 'acc_val', 0.85, 'loss_val:', tensor(0.3239, device='cuda:0'), 'acc_test:', 0.9)
2024-12-10 07:01:31,790 - INFO - ('epoch:', 180, 'acc_train:', 0.8875, 'loss_train:', 0.2838345728814602, 'acc_val', 0.85, 'loss_val:', tensor(0.3306, device='cuda:0'), 'acc_test:', 0.85)
2024-12-10 07:01:36,544 - INFO - ('epoch:', 190, 'acc_train:', 0.86875, 'loss_train:', 0.3251630328595638, 'acc_val', 0.85, 'loss_val:', tensor(0.3220, device='cuda:0'), 'acc_test:', 0.9)
2024-12-10 07:01:41,302 - INFO - ('epoch:', 200, 'acc_train:', 0.875, 'loss_train:', 0.3024449348449707, 'acc_val', 0.85, 'loss_val:', tensor(0.3387, device='cuda:0'), 'acc_test:', 0.9)
2024-12-10 07:01:41,302 - INFO - [0 1 1 ... 0 0 0]
2024-12-10 07:01:41,302 - INFO - [0 0 0 ... 0 0 0]
2024-12-10 07:01:41,306 - INFO - Processing fold 10/10
2024-12-10 07:01:46,101 - INFO - ('epoch:', 10, 'acc_train:', 0.6125, 'loss_train:', 1.1429639533162117, 'acc_val', 0.8, 'loss_val:', tensor(0.5146, device='cuda:0'), 'acc_test:', 0.75)
2024-12-10 07:01:50,861 - INFO - ('epoch:', 20, 'acc_train:', 0.7875, 'loss_train:', 0.5810671150684357, 'acc_val', 0.9, 'loss_val:', tensor(0.3362, device='cuda:0'), 'acc_test:', 0.7)
2024-12-10 07:01:55,615 - INFO - ('epoch:', 30, 'acc_train:', 0.8625, 'loss_train:', 0.3985767774283886, 'acc_val', 0.85, 'loss_val:', tensor(0.2590, device='cuda:0'), 'acc_test:', 0.7)
2024-12-10 07:02:00,375 - INFO - ('epoch:', 40, 'acc_train:', 0.8125, 'loss_train:', 0.45594869926571846, 'acc_val', 0.9, 'loss_val:', tensor(0.2242, device='cuda:0'), 'acc_test:', 0.7)
2024-12-10 07:02:05,143 - INFO - ('epoch:', 50, 'acc_train:', 0.85625, 'loss_train:', 0.3506167456507683, 'acc_val', 0.85, 'loss_val:', tensor(0.2431, device='cuda:0'), 'acc_test:', 0.7)
2024-12-10 07:02:09,893 - INFO - ('epoch:', 60, 'acc_train:', 0.86875, 'loss_train:', 0.29622143134474754, 'acc_val', 0.9, 'loss_val:', tensor(0.2274, device='cuda:0'), 'acc_test:', 0.7)
2024-12-10 07:02:14,644 - INFO - ('epoch:', 70, 'acc_train:', 0.86875, 'loss_train:', 0.3586290068924427, 'acc_val', 0.85, 'loss_val:', tensor(0.2320, device='cuda:0'), 'acc_test:', 0.75)
2024-12-10 07:02:19,416 - INFO - ('epoch:', 80, 'acc_train:', 0.88125, 'loss_train:', 0.287461344152689, 'acc_val', 0.9, 'loss_val:', tensor(0.2201, device='cuda:0'), 'acc_test:', 0.7)
2024-12-10 07:02:24,168 - INFO - ('epoch:', 90, 'acc_train:', 0.875, 'loss_train:', 0.27845274470746517, 'acc_val', 0.9, 'loss_val:', tensor(0.2137, device='cuda:0'), 'acc_test:', 0.7)
2024-12-10 07:02:28,922 - INFO - ('epoch:', 100, 'acc_train:', 0.85625, 'loss_train:', 0.29375735484063625, 'acc_val', 0.9, 'loss_val:', tensor(0.2127, device='cuda:0'), 'acc_test:', 0.7)
2024-12-10 07:02:33,694 - INFO - ('epoch:', 110, 'acc_train:', 0.89375, 'loss_train:', 0.24697432294487953, 'acc_val', 0.9, 'loss_val:', tensor(0.2165, device='cuda:0'), 'acc_test:', 0.7)
2024-12-10 07:02:38,450 - INFO - ('epoch:', 120, 'acc_train:', 0.875, 'loss_train:', 0.2746689599007368, 'acc_val', 0.9, 'loss_val:', tensor(0.1988, device='cuda:0'), 'acc_test:', 0.7)
2024-12-10 07:02:43,203 - INFO - ('epoch:', 130, 'acc_train:', 0.8875, 'loss_train:', 0.2607928942888975, 'acc_val', 0.95, 'loss_val:', tensor(0.1985, device='cuda:0'), 'acc_test:', 0.65)
2024-12-10 07:02:47,974 - INFO - ('epoch:', 140, 'acc_train:', 0.9, 'loss_train:', 0.2587790358811617, 'acc_val', 0.95, 'loss_val:', tensor(0.1874, device='cuda:0'), 'acc_test:', 0.7)
2024-12-10 07:02:52,728 - INFO - ('epoch:', 150, 'acc_train:', 0.925, 'loss_train:', 0.22608828358352184, 'acc_val', 0.95, 'loss_val:', tensor(0.1909, device='cuda:0'), 'acc_test:', 0.7)
2024-12-10 07:02:57,483 - INFO - ('epoch:', 160, 'acc_train:', 0.875, 'loss_train:', 0.2735724598169327, 'acc_val', 0.9, 'loss_val:', tensor(0.1977, device='cuda:0'), 'acc_test:', 0.7)
2024-12-10 07:03:02,255 - INFO - ('epoch:', 170, 'acc_train:', 0.8875, 'loss_train:', 0.27711772359907627, 'acc_val', 0.9, 'loss_val:', tensor(0.1970, device='cuda:0'), 'acc_test:', 0.65)
2024-12-10 07:03:07,006 - INFO - ('epoch:', 180, 'acc_train:', 0.88125, 'loss_train:', 0.2509866748005152, 'acc_val', 0.95, 'loss_val:', tensor(0.1957, device='cuda:0'), 'acc_test:', 0.7)
2024-12-10 07:03:11,757 - INFO - ('epoch:', 190, 'acc_train:', 0.88125, 'loss_train:', 0.29732283391058445, 'acc_val', 0.95, 'loss_val:', tensor(0.1869, device='cuda:0'), 'acc_test:', 0.7)
2024-12-10 07:03:16,529 - INFO - ('epoch:', 200, 'acc_train:', 0.88125, 'loss_train:', 0.23972360789775848, 'acc_val', 0.9, 'loss_val:', tensor(0.1961, device='cuda:0'), 'acc_test:', 0.7)
2024-12-10 07:03:16,530 - INFO - [1 1 1 ... 0 0 0]
2024-12-10 07:03:16,530 - INFO - [1 0 1 ... 0 0 1]
2024-12-10 07:03:16,534 - INFO - [0.7221169031442118, 0.7215174851446855, 0.7217117576415775, 0.721641079221314, 0.722273117447754, 0.7226548407170308, 0.7225883214997059, 0.7247135261234203, 0.7207407808514756]
2024-12-10 07:03:16,534 - INFO - Processing fold 1/10
2024-12-10 07:03:21,304 - INFO - ('epoch:', 10, 'acc_train:', 0.66875, 'loss_train:', 0.8551643267273903, 'acc_val', 0.65, 'loss_val:', tensor(0.6371, device='cuda:0'), 'acc_test:', 0.8)
2024-12-10 07:03:26,053 - INFO - ('epoch:', 20, 'acc_train:', 0.78125, 'loss_train:', 0.4891301728785038, 'acc_val', 0.65, 'loss_val:', tensor(0.8645, device='cuda:0'), 'acc_test:', 0.7)
2024-12-10 07:03:30,823 - INFO - ('epoch:', 30, 'acc_train:', 0.85625, 'loss_train:', 0.36711831390857697, 'acc_val', 0.7, 'loss_val:', tensor(0.9367, device='cuda:0'), 'acc_test:', 0.7)
2024-12-10 07:03:35,570 - INFO - ('epoch:', 40, 'acc_train:', 0.85625, 'loss_train:', 0.37437515519559383, 'acc_val', 0.7, 'loss_val:', tensor(1.0561, device='cuda:0'), 'acc_test:', 0.7)
2024-12-10 07:03:40,324 - INFO - ('epoch:', 50, 'acc_train:', 0.9, 'loss_train:', 0.27674558386206627, 'acc_val', 0.7, 'loss_val:', tensor(0.8714, device='cuda:0'), 'acc_test:', 0.65)
2024-12-10 07:03:45,072 - INFO - ('epoch:', 60, 'acc_train:', 0.90625, 'loss_train:', 0.2823362462222576, 'acc_val', 0.7, 'loss_val:', tensor(1.1181, device='cuda:0'), 'acc_test:', 0.65)
2024-12-10 07:03:49,844 - INFO - ('epoch:', 70, 'acc_train:', 0.89375, 'loss_train:', 0.2772558890283108, 'acc_val', 0.7, 'loss_val:', tensor(1.5108, device='cuda:0'), 'acc_test:', 0.7)
2024-12-10 07:03:54,597 - INFO - ('epoch:', 80, 'acc_train:', 0.9, 'loss_train:', 0.2548031322658062, 'acc_val', 0.7, 'loss_val:', tensor(1.2112, device='cuda:0'), 'acc_test:', 0.65)
2024-12-10 07:03:59,350 - INFO - ('epoch:', 90, 'acc_train:', 0.88125, 'loss_train:', 0.297861410304904, 'acc_val', 0.75, 'loss_val:', tensor(1.6299, device='cuda:0'), 'acc_test:', 0.7)
2024-12-10 07:04:04,124 - INFO - ('epoch:', 100, 'acc_train:', 0.89375, 'loss_train:', 0.25325407460331917, 'acc_val', 0.75, 'loss_val:', tensor(1.4152, device='cuda:0'), 'acc_test:', 0.6)
2024-12-10 07:04:08,881 - INFO - ('epoch:', 110, 'acc_train:', 0.9, 'loss_train:', 0.21971317380666733, 'acc_val', 0.7, 'loss_val:', tensor(1.5990, device='cuda:0'), 'acc_test:', 0.65)
2024-12-10 07:04:13,640 - INFO - ('epoch:', 120, 'acc_train:', 0.8875, 'loss_train:', 0.23458313755691051, 'acc_val', 0.75, 'loss_val:', tensor(1.8300, device='cuda:0'), 'acc_test:', 0.7)
2024-12-10 07:04:18,407 - INFO - ('epoch:', 130, 'acc_train:', 0.875, 'loss_train:', 0.22863528691232204, 'acc_val', 0.75, 'loss_val:', tensor(1.5495, device='cuda:0'), 'acc_test:', 0.65)
2024-12-10 07:04:23,152 - INFO - ('epoch:', 140, 'acc_train:', 0.9125, 'loss_train:', 0.2583738137036562, 'acc_val', 0.7, 'loss_val:', tensor(1.7109, device='cuda:0'), 'acc_test:', 0.7)
2024-12-10 07:04:27,909 - INFO - ('epoch:', 150, 'acc_train:', 0.925, 'loss_train:', 0.1998018678277731, 'acc_val', 0.75, 'loss_val:', tensor(1.8499, device='cuda:0'), 'acc_test:', 0.7)
2024-12-10 07:04:32,662 - INFO - ('epoch:', 160, 'acc_train:', 0.89375, 'loss_train:', 0.2497294321656227, 'acc_val', 0.75, 'loss_val:', tensor(1.9653, device='cuda:0'), 'acc_test:', 0.7)
2024-12-10 07:04:37,432 - INFO - ('epoch:', 170, 'acc_train:', 0.93125, 'loss_train:', 0.1889576707035303, 'acc_val', 0.75, 'loss_val:', tensor(1.8053, device='cuda:0'), 'acc_test:', 0.7)
2024-12-10 07:04:42,184 - INFO - ('epoch:', 180, 'acc_train:', 0.9125, 'loss_train:', 0.18752856366336346, 'acc_val', 0.75, 'loss_val:', tensor(1.8486, device='cuda:0'), 'acc_test:', 0.7)
2024-12-10 07:04:46,934 - INFO - ('epoch:', 190, 'acc_train:', 0.90625, 'loss_train:', 0.2087804265320301, 'acc_val', 0.75, 'loss_val:', tensor(1.7740, device='cuda:0'), 'acc_test:', 0.7)
2024-12-10 07:04:51,705 - INFO - ('epoch:', 200, 'acc_train:', 0.875, 'loss_train:', 0.26361111365258694, 'acc_val', 0.75, 'loss_val:', tensor(1.9405, device='cuda:0'), 'acc_test:', 0.7)
2024-12-10 07:04:51,706 - INFO - [1 1 0 ... 1 0 0]
2024-12-10 07:04:51,706 - INFO - [0 0 0 ... 0 0 0]
2024-12-10 07:04:51,710 - INFO - Processing fold 2/10
2024-12-10 07:04:56,477 - INFO - ('epoch:', 10, 'acc_train:', 0.66875, 'loss_train:', 0.8546572402119637, 'acc_val', 0.8, 'loss_val:', tensor(0.6764, device='cuda:0'), 'acc_test:', 0.85)
2024-12-10 07:05:01,250 - INFO - ('epoch:', 20, 'acc_train:', 0.7125, 'loss_train:', 0.677086740732193, 'acc_val', 0.65, 'loss_val:', tensor(0.7685, device='cuda:0'), 'acc_test:', 0.85)
2024-12-10 07:05:05,939 - INFO - ('epoch:', 30, 'acc_train:', 0.8125, 'loss_train:', 0.4755914807319641, 'acc_val', 0.75, 'loss_val:', tensor(0.7660, device='cuda:0'), 'acc_test:', 0.85)
2024-12-10 07:05:10,555 - INFO - ('epoch:', 40, 'acc_train:', 0.84375, 'loss_train:', 0.43911997601389885, 'acc_val', 0.7, 'loss_val:', tensor(0.8164, device='cuda:0'), 'acc_test:', 0.85)
2024-12-10 07:05:15,211 - INFO - ('epoch:', 50, 'acc_train:', 0.86875, 'loss_train:', 0.3060078136622906, 'acc_val', 0.7, 'loss_val:', tensor(0.8193, device='cuda:0'), 'acc_test:', 0.85)
2024-12-10 07:05:19,825 - INFO - ('epoch:', 60, 'acc_train:', 0.86875, 'loss_train:', 0.3084973879158497, 'acc_val', 0.7, 'loss_val:', tensor(0.8290, device='cuda:0'), 'acc_test:', 0.85)
2024-12-10 07:05:24,446 - INFO - ('epoch:', 70, 'acc_train:', 0.89375, 'loss_train:', 0.28467975184321404, 'acc_val', 0.7, 'loss_val:', tensor(0.9123, device='cuda:0'), 'acc_test:', 0.85)
2024-12-10 07:05:29,089 - INFO - ('epoch:', 80, 'acc_train:', 0.89375, 'loss_train:', 0.28248644433915615, 'acc_val', 0.7, 'loss_val:', tensor(0.9546, device='cuda:0'), 'acc_test:', 0.85)
2024-12-10 07:05:33,705 - INFO - ('epoch:', 90, 'acc_train:', 0.9, 'loss_train:', 0.2259906753897667, 'acc_val', 0.65, 'loss_val:', tensor(1.0421, device='cuda:0'), 'acc_test:', 0.85)
2024-12-10 07:05:38,315 - INFO - ('epoch:', 100, 'acc_train:', 0.8875, 'loss_train:', 0.29473673179745674, 'acc_val', 0.65, 'loss_val:', tensor(1.0390, device='cuda:0'), 'acc_test:', 0.85)
2024-12-10 07:05:42,931 - INFO - ('epoch:', 110, 'acc_train:', 0.86875, 'loss_train:', 0.2707315105944872, 'acc_val', 0.65, 'loss_val:', tensor(1.0794, device='cuda:0'), 'acc_test:', 0.85)
2024-12-10 07:05:47,570 - INFO - ('epoch:', 120, 'acc_train:', 0.8625, 'loss_train:', 0.3032376579940319, 'acc_val', 0.65, 'loss_val:', tensor(1.0617, device='cuda:0'), 'acc_test:', 0.85)
2024-12-10 07:05:52,181 - INFO - ('epoch:', 130, 'acc_train:', 0.8875, 'loss_train:', 0.26897961646318436, 'acc_val', 0.65, 'loss_val:', tensor(1.0856, device='cuda:0'), 'acc_test:', 0.85)
2024-12-10 07:05:56,798 - INFO - ('epoch:', 140, 'acc_train:', 0.90625, 'loss_train:', 0.23494414798915386, 'acc_val', 0.65, 'loss_val:', tensor(1.1588, device='cuda:0'), 'acc_test:', 0.85)
2024-12-10 07:06:01,438 - INFO - ('epoch:', 150, 'acc_train:', 0.88125, 'loss_train:', 0.2590255159884691, 'acc_val', 0.65, 'loss_val:', tensor(1.2776, device='cuda:0'), 'acc_test:', 0.85)
2024-12-10 07:06:06,056 - INFO - ('epoch:', 160, 'acc_train:', 0.90625, 'loss_train:', 0.23829154297709465, 'acc_val', 0.65, 'loss_val:', tensor(1.2547, device='cuda:0'), 'acc_test:', 0.85)
2024-12-10 07:06:10,665 - INFO - ('epoch:', 170, 'acc_train:', 0.86875, 'loss_train:', 0.3107928968966007, 'acc_val', 0.65, 'loss_val:', tensor(1.2800, device='cuda:0'), 'acc_test:', 0.85)
2024-12-10 07:06:15,312 - INFO - ('epoch:', 180, 'acc_train:', 0.89375, 'loss_train:', 0.25187880732119083, 'acc_val', 0.65, 'loss_val:', tensor(1.3305, device='cuda:0'), 'acc_test:', 0.85)
2024-12-10 07:06:19,918 - INFO - ('epoch:', 190, 'acc_train:', 0.88125, 'loss_train:', 0.2355333473533392, 'acc_val', 0.65, 'loss_val:', tensor(1.3710, device='cuda:0'), 'acc_test:', 0.85)
2024-12-10 07:06:24,538 - INFO - ('epoch:', 200, 'acc_train:', 0.88125, 'loss_train:', 0.25617904774844646, 'acc_val', 0.65, 'loss_val:', tensor(1.3971, device='cuda:0'), 'acc_test:', 0.85)
2024-12-10 07:06:24,539 - INFO - [1 1 1 ... 0 0 0]
2024-12-10 07:06:24,539 - INFO - [1 1 0 ... 0 0 0]
2024-12-10 07:06:24,542 - INFO - Processing fold 3/10
2024-12-10 07:06:29,199 - INFO - ('epoch:', 10, 'acc_train:', 0.7, 'loss_train:', 0.7835608124732971, 'acc_val', 0.85, 'loss_val:', tensor(0.5142, device='cuda:0'), 'acc_test:', 0.8)
2024-12-10 07:06:33,806 - INFO - ('epoch:', 20, 'acc_train:', 0.76875, 'loss_train:', 0.6471355706453323, 'acc_val', 0.85, 'loss_val:', tensor(0.3866, device='cuda:0'), 'acc_test:', 0.85)
2024-12-10 07:06:38,424 - INFO - ('epoch:', 30, 'acc_train:', 0.85625, 'loss_train:', 0.37837013229727745, 'acc_val', 0.85, 'loss_val:', tensor(0.3452, device='cuda:0'), 'acc_test:', 0.9)
2024-12-10 07:06:43,064 - INFO - ('epoch:', 40, 'acc_train:', 0.8, 'loss_train:', 0.4796639569103718, 'acc_val', 0.8, 'loss_val:', tensor(0.3606, device='cuda:0'), 'acc_test:', 0.9)
2024-12-10 07:06:47,685 - INFO - ('epoch:', 50, 'acc_train:', 0.8125, 'loss_train:', 0.3871986195445061, 'acc_val', 0.8, 'loss_val:', tensor(0.3534, device='cuda:0'), 'acc_test:', 0.8)
2024-12-10 07:06:52,296 - INFO - ('epoch:', 60, 'acc_train:', 0.8375, 'loss_train:', 0.35940665751695633, 'acc_val', 0.75, 'loss_val:', tensor(0.3456, device='cuda:0'), 'acc_test:', 0.9)
2024-12-10 07:06:56,914 - INFO - ('epoch:', 70, 'acc_train:', 0.86875, 'loss_train:', 0.29276224970817566, 'acc_val', 0.8, 'loss_val:', tensor(0.3374, device='cuda:0'), 'acc_test:', 0.85)
2024-12-10 07:07:01,555 - INFO - ('epoch:', 80, 'acc_train:', 0.84375, 'loss_train:', 0.3127517141401768, 'acc_val', 0.8, 'loss_val:', tensor(0.3503, device='cuda:0'), 'acc_test:', 0.85)
2024-12-10 07:07:06,173 - INFO - ('epoch:', 90, 'acc_train:', 0.84375, 'loss_train:', 0.32301318645477295, 'acc_val', 0.8, 'loss_val:', tensor(0.3385, device='cuda:0'), 'acc_test:', 0.9)
2024-12-10 07:07:10,786 - INFO - ('epoch:', 100, 'acc_train:', 0.8625, 'loss_train:', 0.30049630999565125, 'acc_val', 0.8, 'loss_val:', tensor(0.3531, device='cuda:0'), 'acc_test:', 0.8)
2024-12-10 07:07:15,425 - INFO - ('epoch:', 110, 'acc_train:', 0.88125, 'loss_train:', 0.279121957719326, 'acc_val', 0.8, 'loss_val:', tensor(0.3506, device='cuda:0'), 'acc_test:', 0.9)
2024-12-10 07:07:20,042 - INFO - ('epoch:', 120, 'acc_train:', 0.85, 'loss_train:', 0.3076914809644222, 'acc_val', 0.85, 'loss_val:', tensor(0.3501, device='cuda:0'), 'acc_test:', 0.85)
2024-12-10 07:07:24,657 - INFO - ('epoch:', 130, 'acc_train:', 0.88125, 'loss_train:', 0.28456558659672737, 'acc_val', 0.8, 'loss_val:', tensor(0.3583, device='cuda:0'), 'acc_test:', 0.9)
2024-12-10 07:07:29,309 - INFO - ('epoch:', 140, 'acc_train:', 0.86875, 'loss_train:', 0.28038401901721954, 'acc_val', 0.8, 'loss_val:', tensor(0.3631, device='cuda:0'), 'acc_test:', 0.85)
2024-12-10 07:07:33,919 - INFO - ('epoch:', 150, 'acc_train:', 0.91875, 'loss_train:', 0.24662592820823193, 'acc_val', 0.8, 'loss_val:', tensor(0.3615, device='cuda:0'), 'acc_test:', 0.8)
2024-12-10 07:07:38,571 - INFO - ('epoch:', 160, 'acc_train:', 0.85625, 'loss_train:', 0.279451459646225, 'acc_val', 0.8, 'loss_val:', tensor(0.3657, device='cuda:0'), 'acc_test:', 0.85)
2024-12-10 07:07:43,208 - INFO - ('epoch:', 170, 'acc_train:', 0.86875, 'loss_train:', 0.3190704695880413, 'acc_val', 0.85, 'loss_val:', tensor(0.3727, device='cuda:0'), 'acc_test:', 0.9)
2024-12-10 07:07:47,855 - INFO - ('epoch:', 180, 'acc_train:', 0.85625, 'loss_train:', 0.2929031103849411, 'acc_val', 0.8, 'loss_val:', tensor(0.3758, device='cuda:0'), 'acc_test:', 0.9)
2024-12-10 07:07:52,679 - INFO - ('epoch:', 190, 'acc_train:', 0.84375, 'loss_train:', 0.31839367374777794, 'acc_val', 0.8, 'loss_val:', tensor(0.3849, device='cuda:0'), 'acc_test:', 0.8)
2024-12-10 07:07:57,448 - INFO - ('epoch:', 200, 'acc_train:', 0.875, 'loss_train:', 0.27302369847893715, 'acc_val', 0.75, 'loss_val:', tensor(0.3835, device='cuda:0'), 'acc_test:', 0.9)
2024-12-10 07:07:57,448 - INFO - [1 1 1 ... 1 0 0]
2024-12-10 07:07:57,448 - INFO - [0 0 0 ... 0 0 0]
2024-12-10 07:07:57,452 - INFO - Processing fold 4/10
2024-12-10 07:08:02,203 - INFO - ('epoch:', 10, 'acc_train:', 0.6625, 'loss_train:', 0.8270024359226227, 'acc_val', 0.8, 'loss_val:', tensor(0.5020, device='cuda:0'), 'acc_test:', 0.9)
2024-12-10 07:08:06,944 - INFO - ('epoch:', 20, 'acc_train:', 0.74375, 'loss_train:', 0.6897963061928749, 'acc_val', 0.85, 'loss_val:', tensor(0.4038, device='cuda:0'), 'acc_test:', 0.9)
2024-12-10 07:08:11,721 - INFO - ('epoch:', 30, 'acc_train:', 0.80625, 'loss_train:', 0.4701293706893921, 'acc_val', 0.9, 'loss_val:', tensor(0.4268, device='cuda:0'), 'acc_test:', 0.9)
2024-12-10 07:08:16,474 - INFO - ('epoch:', 40, 'acc_train:', 0.84375, 'loss_train:', 0.3951469585299492, 'acc_val', 0.9, 'loss_val:', tensor(0.4124, device='cuda:0'), 'acc_test:', 0.85)
2024-12-10 07:08:21,229 - INFO - ('epoch:', 50, 'acc_train:', 0.8375, 'loss_train:', 0.3703126460313797, 'acc_val', 0.9, 'loss_val:', tensor(0.4669, device='cuda:0'), 'acc_test:', 0.85)
2024-12-10 07:08:25,999 - INFO - ('epoch:', 60, 'acc_train:', 0.80625, 'loss_train:', 0.4222186654806137, 'acc_val', 0.9, 'loss_val:', tensor(0.4290, device='cuda:0'), 'acc_test:', 0.85)
2024-12-10 07:08:30,757 - INFO - ('epoch:', 70, 'acc_train:', 0.81875, 'loss_train:', 0.39037247002124786, 'acc_val', 0.9, 'loss_val:', tensor(0.4801, device='cuda:0'), 'acc_test:', 0.95)
2024-12-10 07:08:35,532 - INFO - ('epoch:', 80, 'acc_train:', 0.85, 'loss_train:', 0.32488396391272545, 'acc_val', 0.9, 'loss_val:', tensor(0.4792, device='cuda:0'), 'acc_test:', 0.85)
2024-12-10 07:08:40,316 - INFO - ('epoch:', 90, 'acc_train:', 0.875, 'loss_train:', 0.33581971377134323, 'acc_val', 0.9, 'loss_val:', tensor(0.4820, device='cuda:0'), 'acc_test:', 0.95)
2024-12-10 07:08:45,077 - INFO - ('epoch:', 100, 'acc_train:', 0.89375, 'loss_train:', 0.27662719041109085, 'acc_val', 0.9, 'loss_val:', tensor(0.4921, device='cuda:0'), 'acc_test:', 0.95)
2024-12-10 07:08:49,836 - INFO - ('epoch:', 110, 'acc_train:', 0.85, 'loss_train:', 0.3027775604277849, 'acc_val', 0.85, 'loss_val:', tensor(0.5011, device='cuda:0'), 'acc_test:', 0.9)
2024-12-10 07:08:54,593 - INFO - ('epoch:', 120, 'acc_train:', 0.85625, 'loss_train:', 0.3001478686928749, 'acc_val', 0.9, 'loss_val:', tensor(0.4562, device='cuda:0'), 'acc_test:', 0.95)
2024-12-10 07:08:59,337 - INFO - ('epoch:', 130, 'acc_train:', 0.875, 'loss_train:', 0.2790881581604481, 'acc_val', 0.9, 'loss_val:', tensor(0.4756, device='cuda:0'), 'acc_test:', 0.95)
2024-12-10 07:09:04,088 - INFO - ('epoch:', 140, 'acc_train:', 0.84375, 'loss_train:', 0.30105921626091003, 'acc_val', 0.9, 'loss_val:', tensor(0.4928, device='cuda:0'), 'acc_test:', 0.95)
2024-12-10 07:09:08,836 - INFO - ('epoch:', 150, 'acc_train:', 0.84375, 'loss_train:', 0.2879621125757694, 'acc_val', 0.9, 'loss_val:', tensor(0.4845, device='cuda:0'), 'acc_test:', 0.95)
2024-12-10 07:09:13,607 - INFO - ('epoch:', 160, 'acc_train:', 0.8375, 'loss_train:', 0.3919130079448223, 'acc_val', 0.9, 'loss_val:', tensor(0.4815, device='cuda:0'), 'acc_test:', 0.95)
2024-12-10 07:09:18,361 - INFO - ('epoch:', 170, 'acc_train:', 0.875, 'loss_train:', 0.2865070812404156, 'acc_val', 0.9, 'loss_val:', tensor(0.4483, device='cuda:0'), 'acc_test:', 0.95)
2024-12-10 07:09:23,110 - INFO - ('epoch:', 180, 'acc_train:', 0.89375, 'loss_train:', 0.29219312220811844, 'acc_val', 0.9, 'loss_val:', tensor(0.4732, device='cuda:0'), 'acc_test:', 0.95)
2024-12-10 07:09:27,881 - INFO - ('epoch:', 190, 'acc_train:', 0.90625, 'loss_train:', 0.2533032111823559, 'acc_val', 0.9, 'loss_val:', tensor(0.4886, device='cuda:0'), 'acc_test:', 0.95)
2024-12-10 07:09:32,638 - INFO - ('epoch:', 200, 'acc_train:', 0.9, 'loss_train:', 0.2615976594388485, 'acc_val', 0.9, 'loss_val:', tensor(0.5226, device='cuda:0'), 'acc_test:', 0.95)
2024-12-10 07:09:32,638 - INFO - [1 1 1 ... 0 0 1]
2024-12-10 07:09:32,638 - INFO - [0 0 0 ... 0 0 1]
2024-12-10 07:09:32,641 - INFO - Processing fold 5/10
2024-12-10 07:09:37,407 - INFO - ('epoch:', 10, 'acc_train:', 0.6125, 'loss_train:', 1.1792131960391998, 'acc_val', 0.9, 'loss_val:', tensor(0.4947, device='cuda:0'), 'acc_test:', 0.9)
2024-12-10 07:09:42,175 - INFO - ('epoch:', 20, 'acc_train:', 0.675, 'loss_train:', 0.8552116975188255, 'acc_val', 0.85, 'loss_val:', tensor(0.2632, device='cuda:0'), 'acc_test:', 0.9)
2024-12-10 07:09:46,929 - INFO - ('epoch:', 30, 'acc_train:', 0.83125, 'loss_train:', 0.4236237592995167, 'acc_val', 0.85, 'loss_val:', tensor(0.3010, device='cuda:0'), 'acc_test:', 0.85)
2024-12-10 07:09:51,685 - INFO - ('epoch:', 40, 'acc_train:', 0.8, 'loss_train:', 0.43085892125964165, 'acc_val', 0.85, 'loss_val:', tensor(0.3436, device='cuda:0'), 'acc_test:', 0.9)
2024-12-10 07:09:56,463 - INFO - ('epoch:', 50, 'acc_train:', 0.85, 'loss_train:', 0.405315138399601, 'acc_val', 0.85, 'loss_val:', tensor(0.3156, device='cuda:0'), 'acc_test:', 0.95)
2024-12-10 07:10:01,213 - INFO - ('epoch:', 60, 'acc_train:', 0.83125, 'loss_train:', 0.3878318518400192, 'acc_val', 0.85, 'loss_val:', tensor(0.3133, device='cuda:0'), 'acc_test:', 0.95)
2024-12-10 07:10:05,960 - INFO - ('epoch:', 70, 'acc_train:', 0.84375, 'loss_train:', 0.3309645392000675, 'acc_val', 0.9, 'loss_val:', tensor(0.2841, device='cuda:0'), 'acc_test:', 0.95)
2024-12-10 07:10:10,745 - INFO - ('epoch:', 80, 'acc_train:', 0.8875, 'loss_train:', 0.3031109683215618, 'acc_val', 0.9, 'loss_val:', tensor(0.2835, device='cuda:0'), 'acc_test:', 0.95)
2024-12-10 07:10:15,523 - INFO - ('epoch:', 90, 'acc_train:', 0.875, 'loss_train:', 0.27853640355169773, 'acc_val', 0.85, 'loss_val:', tensor(0.3241, device='cuda:0'), 'acc_test:', 0.85)
2024-12-10 07:10:20,310 - INFO - ('epoch:', 100, 'acc_train:', 0.85, 'loss_train:', 0.32151393219828606, 'acc_val', 0.95, 'loss_val:', tensor(0.2954, device='cuda:0'), 'acc_test:', 0.95)
2024-12-10 07:10:25,101 - INFO - ('epoch:', 110, 'acc_train:', 0.86875, 'loss_train:', 0.3438365198671818, 'acc_val', 0.9, 'loss_val:', tensor(0.3036, device='cuda:0'), 'acc_test:', 0.95)
2024-12-10 07:10:29,846 - INFO - ('epoch:', 120, 'acc_train:', 0.85, 'loss_train:', 0.33956118673086166, 'acc_val', 0.9, 'loss_val:', tensor(0.3240, device='cuda:0'), 'acc_test:', 0.95)
2024-12-10 07:10:34,578 - INFO - ('epoch:', 130, 'acc_train:', 0.875, 'loss_train:', 0.2952127642929554, 'acc_val', 0.9, 'loss_val:', tensor(0.3232, device='cuda:0'), 'acc_test:', 0.9)
2024-12-10 07:10:39,371 - INFO - ('epoch:', 140, 'acc_train:', 0.8625, 'loss_train:', 0.28379419073462486, 'acc_val', 0.9, 'loss_val:', tensor(0.3267, device='cuda:0'), 'acc_test:', 0.9)
2024-12-10 07:10:44,118 - INFO - ('epoch:', 150, 'acc_train:', 0.81875, 'loss_train:', 0.3239689841866493, 'acc_val', 0.9, 'loss_val:', tensor(0.3101, device='cuda:0'), 'acc_test:', 0.95)
2024-12-10 07:10:48,874 - INFO - ('epoch:', 160, 'acc_train:', 0.8875, 'loss_train:', 0.23501267284154892, 'acc_val', 0.9, 'loss_val:', tensor(0.3127, device='cuda:0'), 'acc_test:', 0.95)
2024-12-10 07:10:53,635 - INFO - ('epoch:', 170, 'acc_train:', 0.85, 'loss_train:', 0.28516388684511185, 'acc_val', 0.95, 'loss_val:', tensor(0.3170, device='cuda:0'), 'acc_test:', 0.95)
2024-12-10 07:10:58,384 - INFO - ('epoch:', 180, 'acc_train:', 0.86875, 'loss_train:', 0.2803930640220642, 'acc_val', 0.95, 'loss_val:', tensor(0.3187, device='cuda:0'), 'acc_test:', 0.95)
2024-12-10 07:11:03,129 - INFO - ('epoch:', 190, 'acc_train:', 0.8625, 'loss_train:', 0.26924531534314156, 'acc_val', 0.95, 'loss_val:', tensor(0.3244, device='cuda:0'), 'acc_test:', 0.95)
2024-12-10 07:11:07,868 - INFO - ('epoch:', 200, 'acc_train:', 0.89375, 'loss_train:', 0.28082701563835144, 'acc_val', 0.95, 'loss_val:', tensor(0.3168, device='cuda:0'), 'acc_test:', 0.95)
2024-12-10 07:11:07,868 - INFO - [0 0 1 ... 0 0 0]
2024-12-10 07:11:07,868 - INFO - [0 0 0 ... 0 0 0]
2024-12-10 07:11:07,871 - INFO - Processing fold 6/10
2024-12-10 07:11:12,583 - INFO - ('epoch:', 10, 'acc_train:', 0.60625, 'loss_train:', 1.267797827720642, 'acc_val', 0.85, 'loss_val:', tensor(0.4459, device='cuda:0'), 'acc_test:', 0.6)
2024-12-10 07:11:17,206 - INFO - ('epoch:', 20, 'acc_train:', 0.775, 'loss_train:', 0.5027932673692703, 'acc_val', 0.9, 'loss_val:', tensor(0.2702, device='cuda:0'), 'acc_test:', 0.5)
2024-12-10 07:11:21,822 - INFO - ('epoch:', 30, 'acc_train:', 0.83125, 'loss_train:', 0.4847865141928196, 'acc_val', 0.9, 'loss_val:', tensor(0.2420, device='cuda:0'), 'acc_test:', 0.65)
2024-12-10 07:11:26,512 - INFO - ('epoch:', 40, 'acc_train:', 0.84375, 'loss_train:', 0.3947003558278084, 'acc_val', 0.9, 'loss_val:', tensor(0.2462, device='cuda:0'), 'acc_test:', 0.65)
2024-12-10 07:11:31,284 - INFO - ('epoch:', 50, 'acc_train:', 0.825, 'loss_train:', 0.39994023740291595, 'acc_val', 0.9, 'loss_val:', tensor(0.2545, device='cuda:0'), 'acc_test:', 0.75)
2024-12-10 07:11:35,950 - INFO - ('epoch:', 60, 'acc_train:', 0.84375, 'loss_train:', 0.401718407869339, 'acc_val', 0.9, 'loss_val:', tensor(0.2478, device='cuda:0'), 'acc_test:', 0.7)
2024-12-10 07:11:40,634 - INFO - ('epoch:', 70, 'acc_train:', 0.8375, 'loss_train:', 0.33461613208055496, 'acc_val', 0.85, 'loss_val:', tensor(0.2596, device='cuda:0'), 'acc_test:', 0.8)
2024-12-10 07:11:45,263 - INFO - ('epoch:', 80, 'acc_train:', 0.85625, 'loss_train:', 0.35418060794472694, 'acc_val', 0.85, 'loss_val:', tensor(0.2683, device='cuda:0'), 'acc_test:', 0.8)
2024-12-10 07:11:49,901 - INFO - ('epoch:', 90, 'acc_train:', 0.875, 'loss_train:', 0.31888338923454285, 'acc_val', 0.9, 'loss_val:', tensor(0.2578, device='cuda:0'), 'acc_test:', 0.8)
2024-12-10 07:11:54,564 - INFO - ('epoch:', 100, 'acc_train:', 0.86875, 'loss_train:', 0.33142210729420185, 'acc_val', 0.85, 'loss_val:', tensor(0.2692, device='cuda:0'), 'acc_test:', 0.8)
2024-12-10 07:11:59,201 - INFO - ('epoch:', 110, 'acc_train:', 0.8875, 'loss_train:', 0.31892966479063034, 'acc_val', 0.85, 'loss_val:', tensor(0.2633, device='cuda:0'), 'acc_test:', 0.75)
2024-12-10 07:12:03,838 - INFO - ('epoch:', 120, 'acc_train:', 0.89375, 'loss_train:', 0.29885056242346764, 'acc_val', 0.85, 'loss_val:', tensor(0.2669, device='cuda:0'), 'acc_test:', 0.8)
2024-12-10 07:12:08,514 - INFO - ('epoch:', 130, 'acc_train:', 0.89375, 'loss_train:', 0.32286543026566505, 'acc_val', 0.85, 'loss_val:', tensor(0.2628, device='cuda:0'), 'acc_test:', 0.8)
2024-12-10 07:12:13,154 - INFO - ('epoch:', 140, 'acc_train:', 0.85625, 'loss_train:', 0.3389762230217457, 'acc_val', 0.85, 'loss_val:', tensor(0.2727, device='cuda:0'), 'acc_test:', 0.8)
2024-12-10 07:12:17,847 - INFO - ('epoch:', 150, 'acc_train:', 0.8625, 'loss_train:', 0.3264044225215912, 'acc_val', 0.85, 'loss_val:', tensor(0.2647, device='cuda:0'), 'acc_test:', 0.8)
2024-12-10 07:12:22,514 - INFO - ('epoch:', 160, 'acc_train:', 0.88125, 'loss_train:', 0.2846389189362526, 'acc_val', 0.85, 'loss_val:', tensor(0.2585, device='cuda:0'), 'acc_test:', 0.75)
2024-12-10 07:12:27,133 - INFO - ('epoch:', 170, 'acc_train:', 0.88125, 'loss_train:', 0.282712385058403, 'acc_val', 0.85, 'loss_val:', tensor(0.2645, device='cuda:0'), 'acc_test:', 0.8)
2024-12-10 07:12:31,721 - INFO - ('epoch:', 180, 'acc_train:', 0.89375, 'loss_train:', 0.3114991523325443, 'acc_val', 0.85, 'loss_val:', tensor(0.2651, device='cuda:0'), 'acc_test:', 0.8)
2024-12-10 07:12:36,321 - INFO - ('epoch:', 190, 'acc_train:', 0.88125, 'loss_train:', 0.26677926629781723, 'acc_val', 0.85, 'loss_val:', tensor(0.2610, device='cuda:0'), 'acc_test:', 0.75)
2024-12-10 07:12:41,069 - INFO - ('epoch:', 200, 'acc_train:', 0.86875, 'loss_train:', 0.32188569754362106, 'acc_val', 0.85, 'loss_val:', tensor(0.2650, device='cuda:0'), 'acc_test:', 0.8)
2024-12-10 07:12:41,069 - INFO - [1 0 1 ... 0 1 0]
2024-12-10 07:12:41,069 - INFO - [1 0 1 ... 0 1 0]
2024-12-10 07:12:41,073 - INFO - Processing fold 7/10
2024-12-10 07:12:45,817 - INFO - ('epoch:', 10, 'acc_train:', 0.68125, 'loss_train:', 0.997561626136303, 'acc_val', 0.65, 'loss_val:', tensor(0.9830, device='cuda:0'), 'acc_test:', 0.65)
2024-12-10 07:12:50,492 - INFO - ('epoch:', 20, 'acc_train:', 0.74375, 'loss_train:', 0.6161235347390175, 'acc_val', 0.55, 'loss_val:', tensor(1.0733, device='cuda:0'), 'acc_test:', 0.85)
2024-12-10 07:12:55,124 - INFO - ('epoch:', 30, 'acc_train:', 0.8125, 'loss_train:', 0.43523968383669853, 'acc_val', 0.65, 'loss_val:', tensor(0.9708, device='cuda:0'), 'acc_test:', 0.9)
2024-12-10 07:12:59,767 - INFO - ('epoch:', 40, 'acc_train:', 0.8375, 'loss_train:', 0.37011755630373955, 'acc_val', 0.6, 'loss_val:', tensor(0.9445, device='cuda:0'), 'acc_test:', 0.9)
2024-12-10 07:13:04,416 - INFO - ('epoch:', 50, 'acc_train:', 0.825, 'loss_train:', 0.3809800408780575, 'acc_val', 0.75, 'loss_val:', tensor(0.7554, device='cuda:0'), 'acc_test:', 0.9)
2024-12-10 07:13:09,022 - INFO - ('epoch:', 60, 'acc_train:', 0.83125, 'loss_train:', 0.35926927626132965, 'acc_val', 0.75, 'loss_val:', tensor(0.6789, device='cuda:0'), 'acc_test:', 0.9)
2024-12-10 07:13:13,642 - INFO - ('epoch:', 70, 'acc_train:', 0.8875, 'loss_train:', 0.3215480037033558, 'acc_val', 0.75, 'loss_val:', tensor(0.7210, device='cuda:0'), 'acc_test:', 0.9)
2024-12-10 07:13:18,279 - INFO - ('epoch:', 80, 'acc_train:', 0.86875, 'loss_train:', 0.30952971428632736, 'acc_val', 0.8, 'loss_val:', tensor(0.6835, device='cuda:0'), 'acc_test:', 0.9)
2024-12-10 07:13:22,891 - INFO - ('epoch:', 90, 'acc_train:', 0.89375, 'loss_train:', 0.30630821734666824, 'acc_val', 0.7, 'loss_val:', tensor(0.7907, device='cuda:0'), 'acc_test:', 0.9)
2024-12-10 07:13:27,501 - INFO - ('epoch:', 100, 'acc_train:', 0.89375, 'loss_train:', 0.2715846635401249, 'acc_val', 0.75, 'loss_val:', tensor(0.7585, device='cuda:0'), 'acc_test:', 0.9)
2024-12-10 07:13:32,144 - INFO - ('epoch:', 110, 'acc_train:', 0.8875, 'loss_train:', 0.3100365325808525, 'acc_val', 0.7, 'loss_val:', tensor(0.8132, device='cuda:0'), 'acc_test:', 0.9)
2024-12-10 07:13:36,751 - INFO - ('epoch:', 120, 'acc_train:', 0.88125, 'loss_train:', 0.28763072192668915, 'acc_val', 0.75, 'loss_val:', tensor(0.7650, device='cuda:0'), 'acc_test:', 0.9)
2024-12-10 07:13:41,358 - INFO - ('epoch:', 130, 'acc_train:', 0.88125, 'loss_train:', 0.2713632546365261, 'acc_val', 0.75, 'loss_val:', tensor(0.8628, device='cuda:0'), 'acc_test:', 0.9)
2024-12-10 07:13:45,990 - INFO - ('epoch:', 140, 'acc_train:', 0.89375, 'loss_train:', 0.2887631170451641, 'acc_val', 0.7, 'loss_val:', tensor(0.8549, device='cuda:0'), 'acc_test:', 0.9)
2024-12-10 07:13:50,592 - INFO - ('epoch:', 150, 'acc_train:', 0.9, 'loss_train:', 0.26560756750404835, 'acc_val', 0.7, 'loss_val:', tensor(0.9088, device='cuda:0'), 'acc_test:', 0.9)
2024-12-10 07:13:55,203 - INFO - ('epoch:', 160, 'acc_train:', 0.8875, 'loss_train:', 0.2846650443971157, 'acc_val', 0.7, 'loss_val:', tensor(0.8976, device='cuda:0'), 'acc_test:', 0.9)
2024-12-10 07:13:59,808 - INFO - ('epoch:', 170, 'acc_train:', 0.875, 'loss_train:', 0.28419993445277214, 'acc_val', 0.75, 'loss_val:', tensor(0.8486, device='cuda:0'), 'acc_test:', 0.9)
2024-12-10 07:14:04,446 - INFO - ('epoch:', 180, 'acc_train:', 0.9, 'loss_train:', 0.24635076895356178, 'acc_val', 0.7, 'loss_val:', tensor(0.9716, device='cuda:0'), 'acc_test:', 0.9)
2024-12-10 07:14:09,041 - INFO - ('epoch:', 190, 'acc_train:', 0.90625, 'loss_train:', 0.24196862801909447, 'acc_val', 0.75, 'loss_val:', tensor(0.9139, device='cuda:0'), 'acc_test:', 0.9)
2024-12-10 07:14:13,635 - INFO - ('epoch:', 200, 'acc_train:', 0.9, 'loss_train:', 0.2526458166539669, 'acc_val', 0.7, 'loss_val:', tensor(0.9872, device='cuda:0'), 'acc_test:', 0.9)
2024-12-10 07:14:13,636 - INFO - [1 1 1 ... 0 0 0]
2024-12-10 07:14:13,636 - INFO - [1 0 0 ... 0 0 0]
2024-12-10 07:14:13,640 - INFO - Processing fold 8/10
2024-12-10 07:14:18,268 - INFO - ('epoch:', 10, 'acc_train:', 0.625, 'loss_train:', 0.8634266257286072, 'acc_val', 0.8, 'loss_val:', tensor(0.8519, device='cuda:0'), 'acc_test:', 1.0)
2024-12-10 07:14:22,865 - INFO - ('epoch:', 20, 'acc_train:', 0.7125, 'loss_train:', 0.8468898683786392, 'acc_val', 0.85, 'loss_val:', tensor(0.9045, device='cuda:0'), 'acc_test:', 0.9)
2024-12-10 07:14:27,448 - INFO - ('epoch:', 30, 'acc_train:', 0.7375, 'loss_train:', 0.6097312048077583, 'acc_val', 0.9, 'loss_val:', tensor(0.6422, device='cuda:0'), 'acc_test:', 0.9)
2024-12-10 07:14:32,064 - INFO - ('epoch:', 40, 'acc_train:', 0.81875, 'loss_train:', 0.45355018973350525, 'acc_val', 0.9, 'loss_val:', tensor(0.5126, device='cuda:0'), 'acc_test:', 0.9)
2024-12-10 07:14:36,660 - INFO - ('epoch:', 50, 'acc_train:', 0.8125, 'loss_train:', 0.38921231031417847, 'acc_val', 0.9, 'loss_val:', tensor(0.3490, device='cuda:0'), 'acc_test:', 0.9)
2024-12-10 07:14:41,243 - INFO - ('epoch:', 60, 'acc_train:', 0.85625, 'loss_train:', 0.3339045122265816, 'acc_val', 0.9, 'loss_val:', tensor(0.5222, device='cuda:0'), 'acc_test:', 0.9)
2024-12-10 07:14:45,868 - INFO - ('epoch:', 70, 'acc_train:', 0.825, 'loss_train:', 0.42961956560611725, 'acc_val', 0.9, 'loss_val:', tensor(0.7010, device='cuda:0'), 'acc_test:', 0.9)
2024-12-10 07:14:50,451 - INFO - ('epoch:', 80, 'acc_train:', 0.84375, 'loss_train:', 0.338027685880661, 'acc_val', 0.95, 'loss_val:', tensor(0.2676, device='cuda:0'), 'acc_test:', 0.85)
2024-12-10 07:14:55,044 - INFO - ('epoch:', 90, 'acc_train:', 0.85625, 'loss_train:', 0.35426555946469307, 'acc_val', 0.9, 'loss_val:', tensor(0.8563, device='cuda:0'), 'acc_test:', 0.85)
2024-12-10 07:14:59,657 - INFO - ('epoch:', 100, 'acc_train:', 0.85, 'loss_train:', 0.33788181841373444, 'acc_val', 0.9, 'loss_val:', tensor(0.6510, device='cuda:0'), 'acc_test:', 0.85)
2024-12-10 07:15:04,280 - INFO - ('epoch:', 110, 'acc_train:', 0.875, 'loss_train:', 0.33090613782405853, 'acc_val', 0.9, 'loss_val:', tensor(0.9771, device='cuda:0'), 'acc_test:', 0.9)
2024-12-10 07:15:09,043 - INFO - ('epoch:', 120, 'acc_train:', 0.85, 'loss_train:', 0.3394130542874336, 'acc_val', 0.9, 'loss_val:', tensor(0.6999, device='cuda:0'), 'acc_test:', 0.9)
2024-12-10 07:15:13,805 - INFO - ('epoch:', 130, 'acc_train:', 0.84375, 'loss_train:', 0.33003636077046394, 'acc_val', 0.9, 'loss_val:', tensor(0.7424, device='cuda:0'), 'acc_test:', 0.9)
2024-12-10 07:15:18,588 - INFO - ('epoch:', 140, 'acc_train:', 0.875, 'loss_train:', 0.28613173216581345, 'acc_val', 0.9, 'loss_val:', tensor(0.8372, device='cuda:0'), 'acc_test:', 0.9)
2024-12-10 07:15:23,347 - INFO - ('epoch:', 150, 'acc_train:', 0.8875, 'loss_train:', 0.25490629486739635, 'acc_val', 0.9, 'loss_val:', tensor(0.8292, device='cuda:0'), 'acc_test:', 0.9)
2024-12-10 07:15:28,106 - INFO - ('epoch:', 160, 'acc_train:', 0.88125, 'loss_train:', 0.27842701971530914, 'acc_val', 0.9, 'loss_val:', tensor(0.8319, device='cuda:0'), 'acc_test:', 0.9)
2024-12-10 07:15:32,890 - INFO - ('epoch:', 170, 'acc_train:', 0.8625, 'loss_train:', 0.3170013874769211, 'acc_val', 0.9, 'loss_val:', tensor(0.8111, device='cuda:0'), 'acc_test:', 0.9)
2024-12-10 07:15:37,647 - INFO - ('epoch:', 180, 'acc_train:', 0.86875, 'loss_train:', 0.26490413397550583, 'acc_val', 0.9, 'loss_val:', tensor(0.9482, device='cuda:0'), 'acc_test:', 0.9)
2024-12-10 07:15:42,408 - INFO - ('epoch:', 190, 'acc_train:', 0.875, 'loss_train:', 0.25834765285253525, 'acc_val', 0.9, 'loss_val:', tensor(0.6877, device='cuda:0'), 'acc_test:', 0.9)
2024-12-10 07:15:47,194 - INFO - ('epoch:', 200, 'acc_train:', 0.85625, 'loss_train:', 0.28597046062350273, 'acc_val', 0.9, 'loss_val:', tensor(0.8097, device='cuda:0'), 'acc_test:', 0.9)
2024-12-10 07:15:47,195 - INFO - [0 0 1 ... 1 0 0]
2024-12-10 07:15:47,195 - INFO - [1 0 0 ... 1 0 0]
2024-12-10 07:15:47,198 - INFO - Processing fold 9/10
2024-12-10 07:15:51,974 - INFO - ('epoch:', 10, 'acc_train:', 0.63125, 'loss_train:', 1.2479177862405777, 'acc_val', 0.85, 'loss_val:', tensor(0.4651, device='cuda:0'), 'acc_test:', 0.8)
2024-12-10 07:15:56,734 - INFO - ('epoch:', 20, 'acc_train:', 0.7, 'loss_train:', 0.772727869451046, 'acc_val', 0.9, 'loss_val:', tensor(0.2665, device='cuda:0'), 'acc_test:', 0.75)
2024-12-10 07:16:01,513 - INFO - ('epoch:', 30, 'acc_train:', 0.81875, 'loss_train:', 0.5340755693614483, 'acc_val', 0.9, 'loss_val:', tensor(0.2579, device='cuda:0'), 'acc_test:', 0.85)
2024-12-10 07:16:06,272 - INFO - ('epoch:', 40, 'acc_train:', 0.8125, 'loss_train:', 0.41640159860253334, 'acc_val', 0.85, 'loss_val:', tensor(0.3326, device='cuda:0'), 'acc_test:', 0.85)
2024-12-10 07:16:11,032 - INFO - ('epoch:', 50, 'acc_train:', 0.85625, 'loss_train:', 0.43193672597408295, 'acc_val', 0.95, 'loss_val:', tensor(0.2520, device='cuda:0'), 'acc_test:', 0.85)
2024-12-10 07:16:15,809 - INFO - ('epoch:', 60, 'acc_train:', 0.80625, 'loss_train:', 0.4236659072339535, 'acc_val', 0.9, 'loss_val:', tensor(0.2823, device='cuda:0'), 'acc_test:', 0.85)
2024-12-10 07:16:20,567 - INFO - ('epoch:', 70, 'acc_train:', 0.81875, 'loss_train:', 0.40390265360474586, 'acc_val', 0.85, 'loss_val:', tensor(0.2799, device='cuda:0'), 'acc_test:', 0.85)
2024-12-10 07:16:25,326 - INFO - ('epoch:', 80, 'acc_train:', 0.85625, 'loss_train:', 0.35346854105591774, 'acc_val', 0.85, 'loss_val:', tensor(0.2923, device='cuda:0'), 'acc_test:', 0.85)
2024-12-10 07:16:30,110 - INFO - ('epoch:', 90, 'acc_train:', 0.81875, 'loss_train:', 0.3773498460650444, 'acc_val', 0.85, 'loss_val:', tensor(0.2952, device='cuda:0'), 'acc_test:', 0.9)
2024-12-10 07:16:34,870 - INFO - ('epoch:', 100, 'acc_train:', 0.85625, 'loss_train:', 0.3278779126703739, 'acc_val', 0.9, 'loss_val:', tensor(0.2654, device='cuda:0'), 'acc_test:', 0.95)
2024-12-10 07:16:39,631 - INFO - ('epoch:', 110, 'acc_train:', 0.86875, 'loss_train:', 0.32849153131246567, 'acc_val', 0.9, 'loss_val:', tensor(0.2774, device='cuda:0'), 'acc_test:', 0.9)
2024-12-10 07:16:44,409 - INFO - ('epoch:', 120, 'acc_train:', 0.8375, 'loss_train:', 0.32764337584376335, 'acc_val', 0.9, 'loss_val:', tensor(0.2699, device='cuda:0'), 'acc_test:', 0.9)
2024-12-10 07:16:49,177 - INFO - ('epoch:', 130, 'acc_train:', 0.8375, 'loss_train:', 0.35491304472088814, 'acc_val', 0.9, 'loss_val:', tensor(0.2720, device='cuda:0'), 'acc_test:', 0.95)
2024-12-10 07:16:53,934 - INFO - ('epoch:', 140, 'acc_train:', 0.85, 'loss_train:', 0.3162353150546551, 'acc_val', 0.9, 'loss_val:', tensor(0.2704, device='cuda:0'), 'acc_test:', 0.95)
2024-12-10 07:16:58,691 - INFO - ('epoch:', 150, 'acc_train:', 0.86875, 'loss_train:', 0.2956293188035488, 'acc_val', 0.9, 'loss_val:', tensor(0.2796, device='cuda:0'), 'acc_test:', 0.85)
2024-12-10 07:17:03,479 - INFO - ('epoch:', 160, 'acc_train:', 0.8375, 'loss_train:', 0.3292495869100094, 'acc_val', 0.9, 'loss_val:', tensor(0.2775, device='cuda:0'), 'acc_test:', 0.85)
2024-12-10 07:17:08,246 - INFO - ('epoch:', 170, 'acc_train:', 0.86875, 'loss_train:', 0.29049134626984596, 'acc_val', 0.85, 'loss_val:', tensor(0.2769, device='cuda:0'), 'acc_test:', 0.85)
2024-12-10 07:17:13,012 - INFO - ('epoch:', 180, 'acc_train:', 0.88125, 'loss_train:', 0.29290690273046494, 'acc_val', 0.85, 'loss_val:', tensor(0.2830, device='cuda:0'), 'acc_test:', 0.85)
2024-12-10 07:17:17,795 - INFO - ('epoch:', 190, 'acc_train:', 0.85625, 'loss_train:', 0.3365310989320278, 'acc_val', 0.9, 'loss_val:', tensor(0.2673, device='cuda:0'), 'acc_test:', 0.9)
2024-12-10 07:17:22,554 - INFO - ('epoch:', 200, 'acc_train:', 0.86875, 'loss_train:', 0.3015162944793701, 'acc_val', 0.85, 'loss_val:', tensor(0.2857, device='cuda:0'), 'acc_test:', 0.85)
2024-12-10 07:17:22,555 - INFO - [0 1 1 ... 0 0 0]
2024-12-10 07:17:22,555 - INFO - [0 0 0 ... 0 0 0]
2024-12-10 07:17:22,558 - INFO - Processing fold 10/10
2024-12-10 07:17:27,331 - INFO - ('epoch:', 10, 'acc_train:', 0.6125, 'loss_train:', 1.142964445054531, 'acc_val', 0.8, 'loss_val:', tensor(0.5145, device='cuda:0'), 'acc_test:', 0.75)
2024-12-10 07:17:32,109 - INFO - ('epoch:', 20, 'acc_train:', 0.7875, 'loss_train:', 0.5799523442983627, 'acc_val', 0.9, 'loss_val:', tensor(0.3314, device='cuda:0'), 'acc_test:', 0.7)
2024-12-10 07:17:36,868 - INFO - ('epoch:', 30, 'acc_train:', 0.85, 'loss_train:', 0.39964835345745087, 'acc_val', 0.85, 'loss_val:', tensor(0.2587, device='cuda:0'), 'acc_test:', 0.7)
2024-12-10 07:17:41,626 - INFO - ('epoch:', 40, 'acc_train:', 0.8125, 'loss_train:', 0.44830477237701416, 'acc_val', 0.9, 'loss_val:', tensor(0.2262, device='cuda:0'), 'acc_test:', 0.7)
2024-12-10 07:17:46,403 - INFO - ('epoch:', 50, 'acc_train:', 0.85, 'loss_train:', 0.3499944806098938, 'acc_val', 0.85, 'loss_val:', tensor(0.2407, device='cuda:0'), 'acc_test:', 0.7)
2024-12-10 07:17:51,168 - INFO - ('epoch:', 60, 'acc_train:', 0.875, 'loss_train:', 0.2916647084057331, 'acc_val', 0.9, 'loss_val:', tensor(0.2225, device='cuda:0'), 'acc_test:', 0.7)
2024-12-10 07:17:55,926 - INFO - ('epoch:', 70, 'acc_train:', 0.86875, 'loss_train:', 0.35808271169662476, 'acc_val', 0.85, 'loss_val:', tensor(0.2314, device='cuda:0'), 'acc_test:', 0.75)
2024-12-10 07:18:00,705 - INFO - ('epoch:', 80, 'acc_train:', 0.8875, 'loss_train:', 0.2824278511106968, 'acc_val', 0.9, 'loss_val:', tensor(0.2197, device='cuda:0'), 'acc_test:', 0.7)
2024-12-10 07:18:05,468 - INFO - ('epoch:', 90, 'acc_train:', 0.88125, 'loss_train:', 0.28168749436736107, 'acc_val', 0.9, 'loss_val:', tensor(0.2117, device='cuda:0'), 'acc_test:', 0.7)
2024-12-10 07:18:10,229 - INFO - ('epoch:', 100, 'acc_train:', 0.86875, 'loss_train:', 0.2988922856748104, 'acc_val', 0.9, 'loss_val:', tensor(0.2086, device='cuda:0'), 'acc_test:', 0.7)
2024-12-10 07:18:14,996 - INFO - ('epoch:', 110, 'acc_train:', 0.89375, 'loss_train:', 0.24721628054976463, 'acc_val', 0.9, 'loss_val:', tensor(0.2122, device='cuda:0'), 'acc_test:', 0.7)
2024-12-10 07:18:19,773 - INFO - ('epoch:', 120, 'acc_train:', 0.875, 'loss_train:', 0.2815888375043869, 'acc_val', 0.9, 'loss_val:', tensor(0.1954, device='cuda:0'), 'acc_test:', 0.7)
2024-12-10 07:18:24,371 - INFO - ('epoch:', 130, 'acc_train:', 0.8875, 'loss_train:', 0.26337707974016666, 'acc_val', 0.95, 'loss_val:', tensor(0.1962, device='cuda:0'), 'acc_test:', 0.6)
2024-12-10 07:18:28,944 - INFO - ('epoch:', 140, 'acc_train:', 0.89375, 'loss_train:', 0.2613959517329931, 'acc_val', 0.95, 'loss_val:', tensor(0.1848, device='cuda:0'), 'acc_test:', 0.7)
2024-12-10 07:18:33,558 - INFO - ('epoch:', 150, 'acc_train:', 0.91875, 'loss_train:', 0.2242414839565754, 'acc_val', 0.95, 'loss_val:', tensor(0.1916, device='cuda:0'), 'acc_test:', 0.7)
2024-12-10 07:18:38,135 - INFO - ('epoch:', 160, 'acc_train:', 0.875, 'loss_train:', 0.2872224673628807, 'acc_val', 0.9, 'loss_val:', tensor(0.1950, device='cuda:0'), 'acc_test:', 0.7)
2024-12-10 07:18:42,716 - INFO - ('epoch:', 170, 'acc_train:', 0.8875, 'loss_train:', 0.2770091313868761, 'acc_val', 0.9, 'loss_val:', tensor(0.1956, device='cuda:0'), 'acc_test:', 0.65)
2024-12-10 07:18:47,321 - INFO - ('epoch:', 180, 'acc_train:', 0.86875, 'loss_train:', 0.25359414890408516, 'acc_val', 0.95, 'loss_val:', tensor(0.1928, device='cuda:0'), 'acc_test:', 0.7)
2024-12-10 07:18:51,896 - INFO - ('epoch:', 190, 'acc_train:', 0.8875, 'loss_train:', 0.2954124789685011, 'acc_val', 0.95, 'loss_val:', tensor(0.1875, device='cuda:0'), 'acc_test:', 0.7)
2024-12-10 07:18:56,481 - INFO - ('epoch:', 200, 'acc_train:', 0.875, 'loss_train:', 0.24698775634169579, 'acc_val', 0.9, 'loss_val:', tensor(0.1953, device='cuda:0'), 'acc_test:', 0.7)
2024-12-10 07:18:56,482 - INFO - [1 1 1 ... 0 0 0]
2024-12-10 07:18:56,482 - INFO - [1 0 1 ... 0 0 1]
2024-12-10 07:18:56,486 - INFO - [0.7221169031442118, 0.7215174851446855, 0.7217117576415775, 0.721641079221314, 0.722273117447754, 0.7226548407170308, 0.7225883214997059, 0.7247135261234203, 0.7207407808514756, 0.722158992609464]
2024-12-10 07:18:56,486 - INFO - {'Model Name': 'GSL_motif', 'Dataset Name': 'NLP', 'PATH': 'data_extend', 'Learning Rate': 0.001, 'IB_size': 256, 'Hidden Units': 8, 'Dropout Ratio': 0.5, 'Convolution Name': 'GIN', 'Number of Layers': 2, 'Averaging': False, 'Batch Size': 100, 'Weight Decay': 5e-05, 'set_epsilon': 0.2, 'tau': 0.2, 'beta': 0.0001, 'lamb': 0.0001, 'Precision': 0.743244211702146, 'Recall': 0.7853199999999999, 'F1_best': 0.7222116804400639, 'F1_best_std': 0.0009916640486855918, 'ROC': 0.8284015683333333, 'ROC_std': 0.0011818853331635709, 'PRC': 0.7069812421409792, 'ACC': 0.8502700000000001, 'ACC_std': 0.004028163353192103, 'ALL F1': [0.7221169031442118, 0.7215174851446855, 0.7217117576415775, 0.721641079221314, 0.722273117447754, 0.7226548407170308, 0.7225883214997059, 0.7247135261234203, 0.7207407808514756, 0.722158992609464]}
